Using pre-set license
Built from '6000.1/staging' branch; Version is '6000.1.0f1 (9ea152932a88) revision 10395986'; Using compiler version '194234433'; Build Type 'Release'
OS: 'Windows 11  (10.0.26100) 64bit Core' Language: 'en' Physical Memory: 32687 MB
BatchMode: 1, IsHumanControllingUs: 0, StartBugReporterOnCrash: 0, Is64bit: 1, IsPro: 1
Date: 2025-07-04T13:01:48Z

COMMAND LINE ARGUMENTS:
D:\Unity\Editor\6000.1.9f1\Unity.exe
-adb2
-batchMode
-noUpm
-name
AssetImportWorker1
-projectPath
D:/A Whale Of A Time
-logFile
Logs/AssetImportWorker1.log
-srvPort
57320
-job-worker-count
5
-background-job-worker-count
8
-gc-helper-count
1
-name
AssetImport
Successfully changed project path to: D:/A Whale Of A Time
D:/A Whale Of A Time
[UnityMemory] Configuration Parameters - Can be set up in boot.config
    "memorysetup-allocator-temp-initial-block-size-main=262144"
    "memorysetup-allocator-temp-initial-block-size-worker=262144"
    "memorysetup-bucket-allocator-granularity=16"
    "memorysetup-bucket-allocator-bucket-count=8"
    "memorysetup-bucket-allocator-block-size=33554432"
    "memorysetup-bucket-allocator-block-count=8"
    "memorysetup-main-allocator-block-size=16777216"
    "memorysetup-thread-allocator-block-size=16777216"
    "memorysetup-gfx-main-allocator-block-size=16777216"
    "memorysetup-gfx-thread-allocator-block-size=16777216"
    "memorysetup-cache-allocator-block-size=4194304"
    "memorysetup-typetree-allocator-block-size=2097152"
    "memorysetup-profiler-bucket-allocator-granularity=16"
    "memorysetup-profiler-bucket-allocator-bucket-count=8"
    "memorysetup-profiler-bucket-allocator-block-size=33554432"
    "memorysetup-profiler-bucket-allocator-block-count=8"
    "memorysetup-profiler-allocator-block-size=16777216"
    "memorysetup-profiler-editor-allocator-block-size=1048576"
    "memorysetup-temp-allocator-size-main=16777216"
    "memorysetup-job-temp-allocator-block-size=2097152"
    "memorysetup-job-temp-allocator-block-size-background=1048576"
    "memorysetup-job-temp-allocator-reduction-small-platforms=262144"
    "memorysetup-temp-allocator-size-background-worker=32768"
    "memorysetup-temp-allocator-size-job-worker=262144"
    "memorysetup-temp-allocator-size-preload-manager=33554432"
    "memorysetup-temp-allocator-size-nav-mesh-worker=65536"
    "memorysetup-temp-allocator-size-audio-worker=65536"
    "memorysetup-temp-allocator-size-cloud-worker=32768"
    "memorysetup-temp-allocator-size-gi-baking-worker=262144"
    "memorysetup-temp-allocator-size-gi-baking-worker=262144"
    "memorysetup-temp-allocator-size-gi-baking-worker=262144"
    "memorysetup-temp-allocator-size-gi-baking-worker=262144"
    "memorysetup-temp-allocator-size-gi-baking-worker=262144"
    "memorysetup-temp-allocator-size-gfx=262144"
Player connection [29140]  Target information:

Player connection [29140]  * "[IP] 192.168.0.79 [Port] 0 [Flags] 2 [Guid] 1394959727 [EditorId] 1394959727 [Version] 1048832 [Id] WindowsEditor(7,Jackie-Moff) [Debug] 1 [PackageName] WindowsEditor [ProjectName] Editor" 

Player connection [29140] Host joined multi-casting on [225.0.0.222:54997]...
Player connection [29140] Host joined alternative multi-casting on [225.0.0.222:34997]...
JobSystem: Creating JobQueue using job-worker-count value 5
Input System module state changed to: Initialized.
[Physics::Module] Initialized fallback backend.
[Physics::Module] Id: 0xdecafbad
Library Redirect Path: Library/
[Physics::Module] Selected backend.
[Physics::Module] Name: PhysX
[Physics::Module] Id: 0xf2b8ea05
[Physics::Module] SDK Version: 4.1.2
[Physics::Module] Integration Version: 1.0.0
[Physics::Module] Threading Mode: Multi-Threaded
Refreshing native plugins compatible for Editor in 2.91 ms, found 3 plugins.
Preloading 0 native plugins for Editor in 0.00 ms.
Initialize engine version: 6000.1.0f1 (9ea152932a88)
[Subsystems] Discovering subsystems at path D:/Unity/Editor/6000.1.9f1/Data/Resources/UnitySubsystems
[Subsystems] Discovering subsystems at path D:/A Whale Of A Time/Assets
GfxDevice: creating device client; kGfxThreadingModeNonThreaded
Direct3D:
    Version:         Direct3D 12 [level 12.1]
    Renderer:        AMD Radeon RX 6800 XT (ID=0x73bf)
    Vendor:          ATI
    VRAM:            16337 MB
    App VRAM Budget: 15569 MB
    Driver:          32.0.21013.1000
Initialize mono
Mono path[0] = 'D:/Unity/Editor/6000.1.9f1/Data/Managed'
Mono path[1] = 'D:/Unity/Editor/6000.1.9f1/Data/MonoBleedingEdge/lib/mono/unityjit-win32'
Mono config path = 'D:/Unity/Editor/6000.1.9f1/Data/MonoBleedingEdge/etc'
Using monoOptions --debugger-agent=transport=dt_socket,embedding=1,server=y,suspend=n,address=127.0.0.1:56292
Begin MonoManager ReloadAssembly
Registering precompiled unity dll's ...
Register platform support module: D:/Unity/Editor/6000.1.9f1/Data/PlaybackEngines/WindowsStandaloneSupport/UnityEditor.WindowsStandalone.Extensions.dll
Registered in 0.002007 seconds.
- Loaded All Assemblies, in  0.516 seconds
Native extension for WindowsStandalone target not found
Mono: successfully reloaded assembly
- Finished resetting the current domain, in  0.431 seconds
Domain Reload Profiling: 947ms
	BeginReloadAssembly (207ms)
		ExecutionOrderSort (0ms)
		DisableScriptedObjects (0ms)
		BackupInstance (0ms)
		ReleaseScriptingObjects (0ms)
		CreateAndSetChildDomain (1ms)
	RebuildCommonClasses (44ms)
	RebuildNativeTypeToScriptingClass (17ms)
	initialDomainReloadingComplete (50ms)
	LoadAllAssembliesAndSetupDomain (198ms)
		LoadAssemblies (207ms)
		RebuildTransferFunctionScriptingTraits (0ms)
		AnalyzeDomain (194ms)
			TypeCache.Refresh (192ms)
				TypeCache.ScanAssembly (173ms)
			BuildScriptInfoCaches (0ms)
			ResolveRequiredComponents (1ms)
	FinalizeReload (432ms)
		ReleaseScriptCaches (0ms)
		RebuildScriptCaches (0ms)
		SetupLoadedEditorAssemblies (384ms)
			LogAssemblyErrors (0ms)
			InitializePlatformSupportModulesInManaged (54ms)
			SetLoadedEditorAssemblies (4ms)
			BeforeProcessingInitializeOnLoad (66ms)
			ProcessInitializeOnLoadAttributes (170ms)
			ProcessInitializeOnLoadMethodAttributes (89ms)
			AfterProcessingInitializeOnLoad (0ms)
			EditorAssembliesLoaded (0ms)
		ExecutionOrderSort2 (0ms)
		AwakeInstancesAfterBackupRestoration (0ms)
========================================================================
Worker process is ready to serve import requests
Import Worker Mode flag is 0x00
Begin MonoManager ReloadAssembly
- Loaded All Assemblies, in  0.891 seconds
Refreshing native plugins compatible for Editor in 1.76 ms, found 3 plugins.
Native extension for WindowsStandalone target not found
Mono: successfully reloaded assembly
- Finished resetting the current domain, in  0.867 seconds
Domain Reload Profiling: 1757ms
	BeginReloadAssembly (243ms)
		ExecutionOrderSort (0ms)
		DisableScriptedObjects (7ms)
		BackupInstance (0ms)
		ReleaseScriptingObjects (0ms)
		CreateAndSetChildDomain (32ms)
	RebuildCommonClasses (55ms)
	RebuildNativeTypeToScriptingClass (20ms)
	initialDomainReloadingComplete (41ms)
	LoadAllAssembliesAndSetupDomain (531ms)
		LoadAssemblies (422ms)
		RebuildTransferFunctionScriptingTraits (0ms)
		AnalyzeDomain (276ms)
			TypeCache.Refresh (217ms)
				TypeCache.ScanAssembly (197ms)
			BuildScriptInfoCaches (48ms)
			ResolveRequiredComponents (7ms)
	FinalizeReload (867ms)
		ReleaseScriptCaches (0ms)
		RebuildScriptCaches (0ms)
		SetupLoadedEditorAssemblies (714ms)
			LogAssemblyErrors (0ms)
			InitializePlatformSupportModulesInManaged (2ms)
			SetLoadedEditorAssemblies (5ms)
			BeforeProcessingInitializeOnLoad (123ms)
			ProcessInitializeOnLoadAttributes (486ms)
			ProcessInitializeOnLoadMethodAttributes (95ms)
			AfterProcessingInitializeOnLoad (3ms)
			EditorAssembliesLoaded (0ms)
		ExecutionOrderSort2 (0ms)
		AwakeInstancesAfterBackupRestoration (14ms)
Launched and connected shader compiler UnityShaderCompiler.exe after 0.01 seconds
Refreshing native plugins compatible for Editor in 1.38 ms, found 3 plugins.
Preloading 0 native plugins for Editor in 0.00 ms.
Unloading 98 Unused Serialized files (Serialized files now loaded: 0)
Unloading 5588 unused Assets / (5.6 MB). Loaded Objects now: 6130.
Memory consumption went from 141.7 MB to 136.1 MB.
Total: 8.462000 ms (FindLiveObjects: 0.568500 ms CreateObjectMapping: 0.836100 ms MarkObjects: 4.648100 ms  DeleteObjects: 2.408400 ms)

========================================================================
Received Import Request.
  Time since last request: 62541.231118 seconds.
  path: Assets/Particle Ingredient Pack/Particle-Texture/Texture-Spark&StarBundle/Texture-Spark.png
  artifactKey: Guid(fe4230c9f522f4643b78da63ebb142dd) Importer(815301076,1909f56bfc062723c751e8b465ee728b)
Start importing Assets/Particle Ingredient Pack/Particle-Texture/Texture-Spark&StarBundle/Texture-Spark.png using Guid(fe4230c9f522f4643b78da63ebb142dd) Importer(815301076,1909f56bfc062723c751e8b465ee728b) (PreviewImporter) -> (artifact id: '870c091aece9add83ad8ea58790dd3cc') in 0.0629091 seconds
Number of updated asset objects reloaded before import = 0Number of asset objects unloaded after import = 2

========================================================================
Received Import Request.
  Time since last request: 0.000014 seconds.
  path: Assets/Particle Ingredient Pack/Particle-Texture/Texture-SmokeBundle/Texture-Smoke2.png
  artifactKey: Guid(90adf0cb325739c44a363cf8d204e7c9) Importer(815301076,1909f56bfc062723c751e8b465ee728b)
Start importing Assets/Particle Ingredient Pack/Particle-Texture/Texture-SmokeBundle/Texture-Smoke2.png using Guid(90adf0cb325739c44a363cf8d204e7c9) Importer(815301076,1909f56bfc062723c751e8b465ee728b) (PreviewImporter) -> (artifact id: '36385907492beb614d09d0d9cb9f36e1') in 0.0078401 seconds
Number of updated asset objects reloaded before import = 0Number of asset objects unloaded after import = 2

========================================================================
Received Import Request.
  Time since last request: 0.000013 seconds.
  path: Assets/Particle Ingredient Pack/Particle-Texture/Texture-BattleGearBundle/Texture-SwordBundle/Texture-Sword4(Frame).png
  artifactKey: Guid(24bdb586fac0f534aaed6a193b88f119) Importer(815301076,1909f56bfc062723c751e8b465ee728b)
Start importing Assets/Particle Ingredient Pack/Particle-Texture/Texture-BattleGearBundle/Texture-SwordBundle/Texture-Sword4(Frame).png using Guid(24bdb586fac0f534aaed6a193b88f119) Importer(815301076,1909f56bfc062723c751e8b465ee728b) (PreviewImporter) -> (artifact id: '04715afdef1352b84ba73d7a0171a4f3') in 0.0150019 seconds
Number of updated asset objects reloaded before import = 0Number of asset objects unloaded after import = 2

========================================================================
Received Import Request.
  Time since last request: 0.000028 seconds.
  path: Assets/Particle Ingredient Pack/Particle-Texture/Texture-BattleGearBundle/Texture-ShieldBundle/Texture-Shield.png
  artifactKey: Guid(4bef50b260d8b8b479374efab1aaf0b1) Importer(815301076,1909f56bfc062723c751e8b465ee728b)
Start importing Assets/Particle Ingredient Pack/Particle-Texture/Texture-BattleGearBundle/Texture-ShieldBundle/Texture-Shield.png using Guid(4bef50b260d8b8b479374efab1aaf0b1) Importer(815301076,1909f56bfc062723c751e8b465ee728b) (PreviewImporter) -> (artifact id: '98a0d382c77d9761240475112a64b6f2') in 0.0071333 seconds
Number of updated asset objects reloaded before import = 0Number of asset objects unloaded after import = 2

========================================================================
Received Import Request.
  Time since last request: 0.000019 seconds.
  path: Assets/Particle Ingredient Pack/Particle-Texture/Texture-FlashBundle/Texture-Flash2.png
  artifactKey: Guid(a7a9b437b7ae3f14895938ae72858297) Importer(815301076,1909f56bfc062723c751e8b465ee728b)
Start importing Assets/Particle Ingredient Pack/Particle-Texture/Texture-FlashBundle/Texture-Flash2.png using Guid(a7a9b437b7ae3f14895938ae72858297) Importer(815301076,1909f56bfc062723c751e8b465ee728b) (PreviewImporter) -> (artifact id: '8ad92d070220e0d7bc381da74f0c86e7') in 0.0076488 seconds
Number of updated asset objects reloaded before import = 0Number of asset objects unloaded after import = 2

========================================================================
Received Import Request.
  Time since last request: 0.000014 seconds.
  path: Assets/Particle Ingredient Pack/Particle-Texture/Texture-MagicCircleBundle/Texture-MagicCircle4.png
  artifactKey: Guid(e0846e9cd3861b14886f7bae6a895748) Importer(815301076,1909f56bfc062723c751e8b465ee728b)
Start importing Assets/Particle Ingredient Pack/Particle-Texture/Texture-MagicCircleBundle/Texture-MagicCircle4.png using Guid(e0846e9cd3861b14886f7bae6a895748) Importer(815301076,1909f56bfc062723c751e8b465ee728b) (PreviewImporter) -> (artifact id: '9746affd60d119174ecc16400fc88f96') in 0.006167 seconds
Number of updated asset objects reloaded before import = 0Number of asset objects unloaded after import = 2

========================================================================
Received Import Request.
  Time since last request: 0.000015 seconds.
  path: Assets/Particle Ingredient Pack/Particle-Texture/Texture-CrystalBundle/Texture-Crystal5.png
  artifactKey: Guid(a7f2e01c3f73e4f679bad8c20c7b46b9) Importer(815301076,1909f56bfc062723c751e8b465ee728b)
Start importing Assets/Particle Ingredient Pack/Particle-Texture/Texture-CrystalBundle/Texture-Crystal5.png using Guid(a7f2e01c3f73e4f679bad8c20c7b46b9) Importer(815301076,1909f56bfc062723c751e8b465ee728b) (PreviewImporter) -> (artifact id: '5c78095f6a83b87b5c307d0216f51586') in 0.0075447 seconds
Number of updated asset objects reloaded before import = 0Number of asset objects unloaded after import = 2

========================================================================
Received Import Request.
  Time since last request: 0.000036 seconds.
  path: Assets/Particle Ingredient Pack/Particle-Texture/Texture-FlashBundle/Texture-Flash4.png
  artifactKey: Guid(fa1bdeeefcaed4210bf10fed81a0ba4f) Importer(815301076,1909f56bfc062723c751e8b465ee728b)
Start importing Assets/Particle Ingredient Pack/Particle-Texture/Texture-FlashBundle/Texture-Flash4.png using Guid(fa1bdeeefcaed4210bf10fed81a0ba4f) Importer(815301076,1909f56bfc062723c751e8b465ee728b) (PreviewImporter) -> (artifact id: 'e4ca2a8e4f70fa33184925cd6d529c62') in 0.0061792 seconds
Number of updated asset objects reloaded before import = 0Number of asset objects unloaded after import = 2

========================================================================
Received Import Request.
  Time since last request: 0.000022 seconds.
  path: Assets/Particle Ingredient Pack/Particle-Texture/Texture-MagicCircleBundle/Texture-MagicCircle5.png
  artifactKey: Guid(e8f67d4a28978f24aa8f2cf53f30b292) Importer(815301076,1909f56bfc062723c751e8b465ee728b)
Start importing Assets/Particle Ingredient Pack/Particle-Texture/Texture-MagicCircleBundle/Texture-MagicCircle5.png using Guid(e8f67d4a28978f24aa8f2cf53f30b292) Importer(815301076,1909f56bfc062723c751e8b465ee728b) (PreviewImporter) -> (artifact id: 'a840aace81004a6c080ee26fa46a2c02') in 0.0063267 seconds
Number of updated asset objects reloaded before import = 0Number of asset objects unloaded after import = 2

========================================================================
Received Import Request.
  Time since last request: 0.000017 seconds.
  path: Assets/Particle Ingredient Pack/Particle-Texture/Texture-LightningBundle/Texture-Lightning5.png
  artifactKey: Guid(04e6320b025e69c4694672b123a51494) Importer(815301076,1909f56bfc062723c751e8b465ee728b)
Start importing Assets/Particle Ingredient Pack/Particle-Texture/Texture-LightningBundle/Texture-Lightning5.png using Guid(04e6320b025e69c4694672b123a51494) Importer(815301076,1909f56bfc062723c751e8b465ee728b) (PreviewImporter) -> (artifact id: 'bea8a10155d059d5988d66f50162d443') in 0.0080575 seconds
Number of updated asset objects reloaded before import = 0Number of asset objects unloaded after import = 2

========================================================================
Received Import Request.
  Time since last request: 0.000015 seconds.
  path: Assets/Particle Ingredient Pack/Particle-Texture/Texture-WeatherBundle/Texture-RainDrop.png
  artifactKey: Guid(35a973b588613468b88a1dafe5f04d2a) Importer(815301076,1909f56bfc062723c751e8b465ee728b)
Start importing Assets/Particle Ingredient Pack/Particle-Texture/Texture-WeatherBundle/Texture-RainDrop.png using Guid(35a973b588613468b88a1dafe5f04d2a) Importer(815301076,1909f56bfc062723c751e8b465ee728b) (PreviewImporter) -> (artifact id: '401d58004648711e092f0620ca7f9fb7') in 0.0071992 seconds
Number of updated asset objects reloaded before import = 0Number of asset objects unloaded after import = 2

========================================================================
Received Import Request.
  Time since last request: 0.000014 seconds.
  path: Assets/Particle Ingredient Pack/Particle-Texture/Texture-LightBundle/Texture-Light2.png
  artifactKey: Guid(de7367c386d7e8e41814b413d0016f80) Importer(815301076,1909f56bfc062723c751e8b465ee728b)
Start importing Assets/Particle Ingredient Pack/Particle-Texture/Texture-LightBundle/Texture-Light2.png using Guid(de7367c386d7e8e41814b413d0016f80) Importer(815301076,1909f56bfc062723c751e8b465ee728b) (PreviewImporter) -> (artifact id: 'd83d4f84d249e22ef91e4c22be290482') in 0.005578 seconds
Number of updated asset objects reloaded before import = 0Number of asset objects unloaded after import = 2

========================================================================
Received Import Request.
  Time since last request: 0.000017 seconds.
  path: Assets/Particle Ingredient Pack/Particle-Texture/Texture-LightningBundle/Texture-Lightning4.png
  artifactKey: Guid(db6cb668acbb01b4791733ddf9a4957c) Importer(815301076,1909f56bfc062723c751e8b465ee728b)
Start importing Assets/Particle Ingredient Pack/Particle-Texture/Texture-LightningBundle/Texture-Lightning4.png using Guid(db6cb668acbb01b4791733ddf9a4957c) Importer(815301076,1909f56bfc062723c751e8b465ee728b) (PreviewImporter) -> (artifact id: '668daf823235d4cfe163e76ddbe0d8e6') in 0.0053109 seconds
Number of updated asset objects reloaded before import = 0Number of asset objects unloaded after import = 2

========================================================================
Received Import Request.
  Time since last request: 0.000015 seconds.
  path: Assets/Particle Ingredient Pack/Particle-Texture/Texture-MagicCircleBundle/Texture-MagicCircle3.png
  artifactKey: Guid(1b376557d4df2b94c95687aceb6ac9a9) Importer(815301076,1909f56bfc062723c751e8b465ee728b)
Start importing Assets/Particle Ingredient Pack/Particle-Texture/Texture-MagicCircleBundle/Texture-MagicCircle3.png using Guid(1b376557d4df2b94c95687aceb6ac9a9) Importer(815301076,1909f56bfc062723c751e8b465ee728b) (PreviewImporter) -> (artifact id: 'a0e9dfd478e8951cc0a5526e44f0df6e') in 0.0065286 seconds
Number of updated asset objects reloaded before import = 0Number of asset objects unloaded after import = 2

========================================================================
Received Import Request.
  Time since last request: 0.000014 seconds.
  path: Assets/Particle Ingredient Pack/Particle-Texture/Texture-BattleGearBundle/Texture-SwordBundle/Texture-Sword2(Frame).png
  artifactKey: Guid(9893242d619f8b942b377b75371e75b1) Importer(815301076,1909f56bfc062723c751e8b465ee728b)
Start importing Assets/Particle Ingredient Pack/Particle-Texture/Texture-BattleGearBundle/Texture-SwordBundle/Texture-Sword2(Frame).png using Guid(9893242d619f8b942b377b75371e75b1) Importer(815301076,1909f56bfc062723c751e8b465ee728b) (PreviewImporter) -> (artifact id: '350a15e25ee2b815674b772a6a87219e') in 0.0154598 seconds
Number of updated asset objects reloaded before import = 0Number of asset objects unloaded after import = 2

========================================================================
Received Import Request.
  Time since last request: 0.000020 seconds.
  path: Assets/Particle Ingredient Pack/Particle-Texture/Texture-WeatherBundle/Texture-Cloud2.png
  artifactKey: Guid(34874af0fe8b74a989d9343a2e0f5010) Importer(815301076,1909f56bfc062723c751e8b465ee728b)
Start importing Assets/Particle Ingredient Pack/Particle-Texture/Texture-WeatherBundle/Texture-Cloud2.png using Guid(34874af0fe8b74a989d9343a2e0f5010) Importer(815301076,1909f56bfc062723c751e8b465ee728b) (PreviewImporter) -> (artifact id: '9e44de9b034893580ab78ff92c5f49ab') in 0.0069743 seconds
Number of updated asset objects reloaded before import = 0Number of asset objects unloaded after import = 2

========================================================================
Received Import Request.
  Time since last request: 0.000023 seconds.
  path: Assets/Particle Ingredient Pack/Particle-Texture/Texture-FlashBundle/Texture-Flash3.png
  artifactKey: Guid(e14ea52c33ce70f4992bfb3bc2f16483) Importer(815301076,1909f56bfc062723c751e8b465ee728b)
Start importing Assets/Particle Ingredient Pack/Particle-Texture/Texture-FlashBundle/Texture-Flash3.png using Guid(e14ea52c33ce70f4992bfb3bc2f16483) Importer(815301076,1909f56bfc062723c751e8b465ee728b) (PreviewImporter) -> (artifact id: 'c723daec25a192b11145304afa9d6e69') in 0.0058603 seconds
Number of updated asset objects reloaded before import = 0Number of asset objects unloaded after import = 2

========================================================================
Received Import Request.
  Time since last request: 0.000014 seconds.
  path: Assets/Particle Ingredient Pack/Particle-Texture/Texture-BattleGearBundle/Texture-SwordBundle/Texture-Sword4(Filled).png
  artifactKey: Guid(aa8fdb8aadd21e24098032dd93f0cb8e) Importer(815301076,1909f56bfc062723c751e8b465ee728b)
Start importing Assets/Particle Ingredient Pack/Particle-Texture/Texture-BattleGearBundle/Texture-SwordBundle/Texture-Sword4(Filled).png using Guid(aa8fdb8aadd21e24098032dd93f0cb8e) Importer(815301076,1909f56bfc062723c751e8b465ee728b) (PreviewImporter) -> (artifact id: '7087e552853153178f313ad6efca9060') in 0.0145628 seconds
Number of updated asset objects reloaded before import = 0Number of asset objects unloaded after import = 2

========================================================================
Received Import Request.
  Time since last request: 0.000019 seconds.
  path: Assets/Particle Ingredient Pack/Particle-Texture/Texture-Spark&StarBundle/Texture-Spark3.png
  artifactKey: Guid(bbd07724914dc1549a4b738425929768) Importer(815301076,1909f56bfc062723c751e8b465ee728b)
Start importing Assets/Particle Ingredient Pack/Particle-Texture/Texture-Spark&StarBundle/Texture-Spark3.png using Guid(bbd07724914dc1549a4b738425929768) Importer(815301076,1909f56bfc062723c751e8b465ee728b) (PreviewImporter) -> (artifact id: '4d7aea617c555c1f4fce418e71210275') in 0.0074271 seconds
Number of updated asset objects reloaded before import = 0Number of asset objects unloaded after import = 2

========================================================================
Received Import Request.
  Time since last request: 0.000015 seconds.
  path: Assets/Particle Ingredient Pack/Particle-Texture/Texture-SmokeBundle/Texture-Smoke4.png
  artifactKey: Guid(db465addb3e5b5d4a8c14fb71f8ca825) Importer(815301076,1909f56bfc062723c751e8b465ee728b)
Start importing Assets/Particle Ingredient Pack/Particle-Texture/Texture-SmokeBundle/Texture-Smoke4.png using Guid(db465addb3e5b5d4a8c14fb71f8ca825) Importer(815301076,1909f56bfc062723c751e8b465ee728b) (PreviewImporter) -> (artifact id: '66fafcba74067a4fe45fba2b3d8cddf6') in 0.0072595 seconds
Number of updated asset objects reloaded before import = 0Number of asset objects unloaded after import = 2

========================================================================
Received Import Request.
  Time since last request: 0.000020 seconds.
  path: Assets/Particle Ingredient Pack/Particle-Texture/Texture-SmokeBundle/Texture-Smoke5.png
  artifactKey: Guid(3c068fac94f0a1b48aba12d2ed94123f) Importer(815301076,1909f56bfc062723c751e8b465ee728b)
Start importing Assets/Particle Ingredient Pack/Particle-Texture/Texture-SmokeBundle/Texture-Smoke5.png using Guid(3c068fac94f0a1b48aba12d2ed94123f) Importer(815301076,1909f56bfc062723c751e8b465ee728b) (PreviewImporter) -> (artifact id: 'de8d2903f3af2e4ca50f70dc17b240d0') in 0.0057042 seconds
Number of updated asset objects reloaded before import = 0Number of asset objects unloaded after import = 2

========================================================================
Received Import Request.
  Time since last request: 0.000014 seconds.
  path: Assets/Particle Ingredient Pack/Particle-Texture/Texture-OtherBundle/Texture-Cube.png
  artifactKey: Guid(aea09217500844c83bb237e656095c38) Importer(815301076,1909f56bfc062723c751e8b465ee728b)
Start importing Assets/Particle Ingredient Pack/Particle-Texture/Texture-OtherBundle/Texture-Cube.png using Guid(aea09217500844c83bb237e656095c38) Importer(815301076,1909f56bfc062723c751e8b465ee728b) (PreviewImporter) -> (artifact id: '75078e75158b504e753eb3100b217e6b') in 0.0085259 seconds
Number of updated asset objects reloaded before import = 0Number of asset objects unloaded after import = 2

========================================================================
Received Import Request.
  Time since last request: 0.000014 seconds.
  path: Assets/Particle Ingredient Pack/OtherFile/TileTexture.jpg
  artifactKey: Guid(3eacd59b04233ea49b44d694e67ce1c0) Importer(815301076,1909f56bfc062723c751e8b465ee728b)
Start importing Assets/Particle Ingredient Pack/OtherFile/TileTexture.jpg using Guid(3eacd59b04233ea49b44d694e67ce1c0) Importer(815301076,1909f56bfc062723c751e8b465ee728b) (PreviewImporter) -> (artifact id: '205b8679c6f36d77b3d64ef51fb0f3c5') in 0.0151821 seconds
Number of updated asset objects reloaded before import = 0Number of asset objects unloaded after import = 2

========================================================================
Received Import Request.
  Time since last request: 0.000020 seconds.
  path: Assets/Particle Ingredient Pack/Particle-Texture/Texture-SwordEffectBundle/Texture-SwordEffect2.png
  artifactKey: Guid(0399235fe35d64725bb3d211d36f6369) Importer(815301076,1909f56bfc062723c751e8b465ee728b)
Start importing Assets/Particle Ingredient Pack/Particle-Texture/Texture-SwordEffectBundle/Texture-SwordEffect2.png using Guid(0399235fe35d64725bb3d211d36f6369) Importer(815301076,1909f56bfc062723c751e8b465ee728b) (PreviewImporter) -> (artifact id: '87f09e5e23723b7cedc466ddd310d227') in 0.0299164 seconds
Number of updated asset objects reloaded before import = 0Number of asset objects unloaded after import = 2

========================================================================
Received Import Request.
  Time since last request: 0.000020 seconds.
  path: Assets/Particle Ingredient Pack/Particle-Texture/Texture-BattleGearBundle/Texture-KunaiBundle/Texture-Kunai.png
  artifactKey: Guid(b714fef143db212408b39592073523e0) Importer(815301076,1909f56bfc062723c751e8b465ee728b)
Start importing Assets/Particle Ingredient Pack/Particle-Texture/Texture-BattleGearBundle/Texture-KunaiBundle/Texture-Kunai.png using Guid(b714fef143db212408b39592073523e0) Importer(815301076,1909f56bfc062723c751e8b465ee728b) (PreviewImporter) -> (artifact id: 'e1ddf10c5ae885c5b688f69f2ec2fc7d') in 0.0089518 seconds
Number of updated asset objects reloaded before import = 0Number of asset objects unloaded after import = 2

========================================================================
Received Import Request.
  Time since last request: 0.000017 seconds.
  path: Assets/Particle Ingredient Pack/Particle-Texture/Texture-BattleGearBundle/Texture-SwordBundle/Texture-Sword5(Filled).png
  artifactKey: Guid(a4abe3eb79b8bf74b9ac0176632d8810) Importer(815301076,1909f56bfc062723c751e8b465ee728b)
Start importing Assets/Particle Ingredient Pack/Particle-Texture/Texture-BattleGearBundle/Texture-SwordBundle/Texture-Sword5(Filled).png using Guid(a4abe3eb79b8bf74b9ac0176632d8810) Importer(815301076,1909f56bfc062723c751e8b465ee728b) (PreviewImporter) -> (artifact id: '55cfa80d1faefeaf9f414a833b420dec') in 0.0188293 seconds
Number of updated asset objects reloaded before import = 0Number of asset objects unloaded after import = 2

========================================================================
Received Import Request.
  Time since last request: 0.000016 seconds.
  path: Assets/Particle Ingredient Pack/Particle-Texture/Texture-RingBundle/Texture-Ring2.png
  artifactKey: Guid(1a38f195854ed954194977483860fea4) Importer(815301076,1909f56bfc062723c751e8b465ee728b)
Start importing Assets/Particle Ingredient Pack/Particle-Texture/Texture-RingBundle/Texture-Ring2.png using Guid(1a38f195854ed954194977483860fea4) Importer(815301076,1909f56bfc062723c751e8b465ee728b) (PreviewImporter) -> (artifact id: '69fbb6ee4b912f4fe27e27f30f4ba5f4') in 0.0063301 seconds
Number of updated asset objects reloaded before import = 0Number of asset objects unloaded after import = 2

========================================================================
Received Import Request.
  Time since last request: 0.000017 seconds.
  path: Assets/Particle Ingredient Pack/Particle-Texture/Texture-LightBundle/Texture-Light.png
  artifactKey: Guid(b59325c70a8a0fe4b83d6bb263424a57) Importer(815301076,1909f56bfc062723c751e8b465ee728b)
Start importing Assets/Particle Ingredient Pack/Particle-Texture/Texture-LightBundle/Texture-Light.png using Guid(b59325c70a8a0fe4b83d6bb263424a57) Importer(815301076,1909f56bfc062723c751e8b465ee728b) (PreviewImporter) -> (artifact id: 'b8de6a0d97bcbee6fc7ad09891768536') in 0.0066865 seconds
Number of updated asset objects reloaded before import = 0Number of asset objects unloaded after import = 2

========================================================================
Received Import Request.
  Time since last request: 25.219562 seconds.
  path: Assets/Hand Painted Grass  Texture/Texture/Grass_Height.png
  artifactKey: Guid(f03ded94d66460b459357d6b9ef021a2) Importer(815301076,1909f56bfc062723c751e8b465ee728b)
Start importing Assets/Hand Painted Grass  Texture/Texture/Grass_Height.png using Guid(f03ded94d66460b459357d6b9ef021a2) Importer(815301076,1909f56bfc062723c751e8b465ee728b) (PreviewImporter) -> (artifact id: '09b5423b3822f24bbb8d805715c5b367') in 0.0155103 seconds
Number of updated asset objects reloaded before import = 0Number of asset objects unloaded after import = 2

========================================================================
Received Prepare
Begin MonoManager ReloadAssembly
- Loaded All Assemblies, in  0.810 seconds
Refreshing native plugins compatible for Editor in 1.27 ms, found 3 plugins.
Native extension for WindowsStandalone target not found
Mono: successfully reloaded assembly
- Finished resetting the current domain, in  0.808 seconds
Domain Reload Profiling: 1619ms
	BeginReloadAssembly (286ms)
		ExecutionOrderSort (0ms)
		DisableScriptedObjects (7ms)
		BackupInstance (0ms)
		ReleaseScriptingObjects (0ms)
		CreateAndSetChildDomain (57ms)
	RebuildCommonClasses (44ms)
	RebuildNativeTypeToScriptingClass (15ms)
	initialDomainReloadingComplete (28ms)
	LoadAllAssembliesAndSetupDomain (438ms)
		LoadAssemblies (430ms)
		RebuildTransferFunctionScriptingTraits (0ms)
		AnalyzeDomain (192ms)
			TypeCache.Refresh (6ms)
				TypeCache.ScanAssembly (0ms)
			BuildScriptInfoCaches (174ms)
			ResolveRequiredComponents (8ms)
	FinalizeReload (809ms)
		ReleaseScriptCaches (0ms)
		RebuildScriptCaches (0ms)
		SetupLoadedEditorAssemblies (673ms)
			LogAssemblyErrors (0ms)
			InitializePlatformSupportModulesInManaged (2ms)
			SetLoadedEditorAssemblies (6ms)
			BeforeProcessingInitializeOnLoad (137ms)
			ProcessInitializeOnLoadAttributes (462ms)
			ProcessInitializeOnLoadMethodAttributes (65ms)
			AfterProcessingInitializeOnLoad (2ms)
			EditorAssembliesLoaded (0ms)
		ExecutionOrderSort2 (0ms)
		AwakeInstancesAfterBackupRestoration (10ms)
Refreshing native plugins compatible for Editor in 1.94 ms, found 3 plugins.
Preloading 0 native plugins for Editor in 0.00 ms.
Unloading 29 Unused Serialized files (Serialized files now loaded: 0)
Unloading 5586 unused Assets / (5.4 MB). Loaded Objects now: 6139.
Memory consumption went from 131.0 MB to 125.5 MB.
Total: 9.882400 ms (FindLiveObjects: 0.789500 ms CreateObjectMapping: 1.145200 ms MarkObjects: 4.663200 ms  DeleteObjects: 3.283500 ms)

Prepare: number of updated asset objects reloaded= 0
Editor requested this worker to shutdown with reason: Scaling down because of idle timeout
AssetImportWorker is now disconnected from the server
Process exiting
Exiting without the bug reporter. Application will terminate with return code 0