Using pre-set license
Built from '6000.1/staging' branch; Version is '6000.1.0f1 (9ea152932a88) revision 10395986'; Using compiler version '194234433'; Build Type 'Release'
OS: 'Windows 11  (10.0.26100) 64bit Core' Language: 'en' Physical Memory: 32687 MB
BatchMode: 1, IsHumanControllingUs: 0, StartBugReporterOnCrash: 0, Is64bit: 1, IsPro: 1
Date: 2025-07-04T13:01:48Z

COMMAND LINE ARGUMENTS:
D:\Unity\Editor\6000.1.9f1\Unity.exe
-adb2
-batchMode
-noUpm
-name
AssetImportWorker0
-projectPath
D:/A Whale Of A Time
-logFile
Logs/AssetImportWorker0.log
-srvPort
57320
-job-worker-count
5
-background-job-worker-count
8
-gc-helper-count
1
-name
AssetImport
Successfully changed project path to: D:/A Whale Of A Time
D:/A Whale Of A Time
[UnityMemory] Configuration Parameters - Can be set up in boot.config
    "memorysetup-allocator-temp-initial-block-size-main=262144"
    "memorysetup-allocator-temp-initial-block-size-worker=262144"
    "memorysetup-bucket-allocator-granularity=16"
    "memorysetup-bucket-allocator-bucket-count=8"
    "memorysetup-bucket-allocator-block-size=33554432"
    "memorysetup-bucket-allocator-block-count=8"
    "memorysetup-main-allocator-block-size=16777216"
    "memorysetup-thread-allocator-block-size=16777216"
    "memorysetup-gfx-main-allocator-block-size=16777216"
    "memorysetup-gfx-thread-allocator-block-size=16777216"
    "memorysetup-cache-allocator-block-size=4194304"
    "memorysetup-typetree-allocator-block-size=2097152"
    "memorysetup-profiler-bucket-allocator-granularity=16"
    "memorysetup-profiler-bucket-allocator-bucket-count=8"
    "memorysetup-profiler-bucket-allocator-block-size=33554432"
    "memorysetup-profiler-bucket-allocator-block-count=8"
    "memorysetup-profiler-allocator-block-size=16777216"
    "memorysetup-profiler-editor-allocator-block-size=1048576"
    "memorysetup-temp-allocator-size-main=16777216"
    "memorysetup-job-temp-allocator-block-size=2097152"
    "memorysetup-job-temp-allocator-block-size-background=1048576"
    "memorysetup-job-temp-allocator-reduction-small-platforms=262144"
    "memorysetup-temp-allocator-size-background-worker=32768"
    "memorysetup-temp-allocator-size-job-worker=262144"
    "memorysetup-temp-allocator-size-preload-manager=33554432"
    "memorysetup-temp-allocator-size-nav-mesh-worker=65536"
    "memorysetup-temp-allocator-size-audio-worker=65536"
    "memorysetup-temp-allocator-size-cloud-worker=32768"
    "memorysetup-temp-allocator-size-gi-baking-worker=262144"
    "memorysetup-temp-allocator-size-gi-baking-worker=262144"
    "memorysetup-temp-allocator-size-gi-baking-worker=262144"
    "memorysetup-temp-allocator-size-gi-baking-worker=262144"
    "memorysetup-temp-allocator-size-gi-baking-worker=262144"
    "memorysetup-temp-allocator-size-gfx=262144"
Player connection [17908]  Target information:

Player connection [17908]  * "[IP] 192.168.0.79 [Port] 0 [Flags] 2 [Guid] 2587383045 [EditorId] 2587383045 [Version] 1048832 [Id] WindowsEditor(7,Jackie-Moff) [Debug] 1 [PackageName] WindowsEditor [ProjectName] Editor" 

Player connection [17908] Host joined multi-casting on [225.0.0.222:54997]...
Player connection [17908] Host joined alternative multi-casting on [225.0.0.222:34997]...
JobSystem: Creating JobQueue using job-worker-count value 5
Input System module state changed to: Initialized.
[Physics::Module] Initialized fallback backend.
[Physics::Module] Id: 0xdecafbad
Library Redirect Path: Library/
[Physics::Module] Selected backend.
[Physics::Module] Name: PhysX
[Physics::Module] Id: 0xf2b8ea05
[Physics::Module] SDK Version: 4.1.2
[Physics::Module] Integration Version: 1.0.0
[Physics::Module] Threading Mode: Multi-Threaded
Refreshing native plugins compatible for Editor in 2.87 ms, found 3 plugins.
Preloading 0 native plugins for Editor in 0.00 ms.
Initialize engine version: 6000.1.0f1 (9ea152932a88)
[Subsystems] Discovering subsystems at path D:/Unity/Editor/6000.1.9f1/Data/Resources/UnitySubsystems
[Subsystems] Discovering subsystems at path D:/A Whale Of A Time/Assets
GfxDevice: creating device client; kGfxThreadingModeNonThreaded
Direct3D:
    Version:         Direct3D 12 [level 12.1]
    Renderer:        AMD Radeon RX 6800 XT (ID=0x73bf)
    Vendor:          ATI
    VRAM:            16337 MB
    App VRAM Budget: 15569 MB
    Driver:          32.0.21013.1000
Initialize mono
Mono path[0] = 'D:/Unity/Editor/6000.1.9f1/Data/Managed'
Mono path[1] = 'D:/Unity/Editor/6000.1.9f1/Data/MonoBleedingEdge/lib/mono/unityjit-win32'
Mono config path = 'D:/Unity/Editor/6000.1.9f1/Data/MonoBleedingEdge/etc'
Using monoOptions --debugger-agent=transport=dt_socket,embedding=1,server=y,suspend=n,address=127.0.0.1:56196
Begin MonoManager ReloadAssembly
Registering precompiled unity dll's ...
Register platform support module: D:/Unity/Editor/6000.1.9f1/Data/PlaybackEngines/WindowsStandaloneSupport/UnityEditor.WindowsStandalone.Extensions.dll
Registered in 0.001872 seconds.
- Loaded All Assemblies, in  0.511 seconds
Native extension for WindowsStandalone target not found
Mono: successfully reloaded assembly
- Finished resetting the current domain, in  0.439 seconds
Domain Reload Profiling: 949ms
	BeginReloadAssembly (211ms)
		ExecutionOrderSort (0ms)
		DisableScriptedObjects (0ms)
		BackupInstance (0ms)
		ReleaseScriptingObjects (0ms)
		CreateAndSetChildDomain (1ms)
	RebuildCommonClasses (45ms)
	RebuildNativeTypeToScriptingClass (14ms)
	initialDomainReloadingComplete (50ms)
	LoadAllAssembliesAndSetupDomain (190ms)
		LoadAssemblies (210ms)
		RebuildTransferFunctionScriptingTraits (0ms)
		AnalyzeDomain (187ms)
			TypeCache.Refresh (184ms)
				TypeCache.ScanAssembly (168ms)
			BuildScriptInfoCaches (0ms)
			ResolveRequiredComponents (1ms)
	FinalizeReload (439ms)
		ReleaseScriptCaches (0ms)
		RebuildScriptCaches (0ms)
		SetupLoadedEditorAssemblies (394ms)
			LogAssemblyErrors (0ms)
			InitializePlatformSupportModulesInManaged (57ms)
			SetLoadedEditorAssemblies (4ms)
			BeforeProcessingInitializeOnLoad (68ms)
			ProcessInitializeOnLoadAttributes (178ms)
			ProcessInitializeOnLoadMethodAttributes (87ms)
			AfterProcessingInitializeOnLoad (0ms)
			EditorAssembliesLoaded (0ms)
		ExecutionOrderSort2 (0ms)
		AwakeInstancesAfterBackupRestoration (0ms)
========================================================================
Worker process is ready to serve import requests
Import Worker Mode flag is 0x00
Begin MonoManager ReloadAssembly
- Loaded All Assemblies, in  0.894 seconds
Refreshing native plugins compatible for Editor in 1.25 ms, found 3 plugins.
Native extension for WindowsStandalone target not found
Mono: successfully reloaded assembly
- Finished resetting the current domain, in  0.845 seconds
Domain Reload Profiling: 1738ms
	BeginReloadAssembly (237ms)
		ExecutionOrderSort (0ms)
		DisableScriptedObjects (7ms)
		BackupInstance (0ms)
		ReleaseScriptingObjects (0ms)
		CreateAndSetChildDomain (32ms)
	RebuildCommonClasses (62ms)
	RebuildNativeTypeToScriptingClass (14ms)
	initialDomainReloadingComplete (43ms)
	LoadAllAssembliesAndSetupDomain (537ms)
		LoadAssemblies (417ms)
		RebuildTransferFunctionScriptingTraits (0ms)
		AnalyzeDomain (282ms)
			TypeCache.Refresh (217ms)
				TypeCache.ScanAssembly (195ms)
			BuildScriptInfoCaches (54ms)
			ResolveRequiredComponents (8ms)
	FinalizeReload (845ms)
		ReleaseScriptCaches (0ms)
		RebuildScriptCaches (0ms)
		SetupLoadedEditorAssemblies (698ms)
			LogAssemblyErrors (0ms)
			InitializePlatformSupportModulesInManaged (2ms)
			SetLoadedEditorAssemblies (5ms)
			BeforeProcessingInitializeOnLoad (121ms)
			ProcessInitializeOnLoadAttributes (490ms)
			ProcessInitializeOnLoadMethodAttributes (77ms)
			AfterProcessingInitializeOnLoad (3ms)
			EditorAssembliesLoaded (0ms)
		ExecutionOrderSort2 (0ms)
		AwakeInstancesAfterBackupRestoration (14ms)
Launched and connected shader compiler UnityShaderCompiler.exe after 0.01 seconds
Refreshing native plugins compatible for Editor in 1.21 ms, found 3 plugins.
Preloading 0 native plugins for Editor in 0.00 ms.
Unloading 98 Unused Serialized files (Serialized files now loaded: 0)
Unloading 5588 unused Assets / (5.0 MB). Loaded Objects now: 6130.
Memory consumption went from 143.6 MB to 138.7 MB.
Total: 8.794700 ms (FindLiveObjects: 0.602100 ms CreateObjectMapping: 0.988200 ms MarkObjects: 4.914500 ms  DeleteObjects: 2.289000 ms)

========================================================================
Received Import Request.
  Time since last request: 62541.221665 seconds.
  path: Assets/Particle Ingredient Pack/Particle-Texture/Texture-FlashBundle/Texture-Flash1.png
  artifactKey: Guid(f6655053109426b47bcd8a6da9f85fb8) Importer(815301076,1909f56bfc062723c751e8b465ee728b)
Start importing Assets/Particle Ingredient Pack/Particle-Texture/Texture-FlashBundle/Texture-Flash1.png using Guid(f6655053109426b47bcd8a6da9f85fb8) Importer(815301076,1909f56bfc062723c751e8b465ee728b) (PreviewImporter) -> (artifact id: '2d00355cabbe127e0723d429df1fd29a') in 0.0725244 seconds
Number of updated asset objects reloaded before import = 0Number of asset objects unloaded after import = 2

========================================================================
Received Import Request.
  Time since last request: 0.000014 seconds.
  path: Assets/Particle Ingredient Pack/Particle-Texture/Texture-BattleGearBundle/Texture-SwordBundle/Texture-Sword3(Frame).png
  artifactKey: Guid(76fff3b9bd93fd54baced512711239f6) Importer(815301076,1909f56bfc062723c751e8b465ee728b)
Start importing Assets/Particle Ingredient Pack/Particle-Texture/Texture-BattleGearBundle/Texture-SwordBundle/Texture-Sword3(Frame).png using Guid(76fff3b9bd93fd54baced512711239f6) Importer(815301076,1909f56bfc062723c751e8b465ee728b) (PreviewImporter) -> (artifact id: '13cc606700189a14db93bc89eb4f07fd') in 0.0077125 seconds
Number of updated asset objects reloaded before import = 0Number of asset objects unloaded after import = 2

========================================================================
Received Import Request.
  Time since last request: 0.000016 seconds.
  path: Assets/Particle Ingredient Pack/Particle-Texture/Texture-BattleGearBundle/Texture-ShieldBundle/Texture-Shield4.png
  artifactKey: Guid(eacb1aaf583df5147bb20ef98db6a8b4) Importer(815301076,1909f56bfc062723c751e8b465ee728b)
Start importing Assets/Particle Ingredient Pack/Particle-Texture/Texture-BattleGearBundle/Texture-ShieldBundle/Texture-Shield4.png using Guid(eacb1aaf583df5147bb20ef98db6a8b4) Importer(815301076,1909f56bfc062723c751e8b465ee728b) (PreviewImporter) -> (artifact id: '8a3104b6685ec33ae0d2fefc56dc7159') in 0.007161 seconds
Number of updated asset objects reloaded before import = 0Number of asset objects unloaded after import = 2

========================================================================
Received Import Request.
  Time since last request: 0.000019 seconds.
  path: Assets/Particle Ingredient Pack/Particle-Texture/Texture-LightningBundle/Texture-Lightning.png
  artifactKey: Guid(4be5f35be5adf4d4787a3922f425210a) Importer(815301076,1909f56bfc062723c751e8b465ee728b)
Start importing Assets/Particle Ingredient Pack/Particle-Texture/Texture-LightningBundle/Texture-Lightning.png using Guid(4be5f35be5adf4d4787a3922f425210a) Importer(815301076,1909f56bfc062723c751e8b465ee728b) (PreviewImporter) -> (artifact id: '88d328e274aebc41f7a4f0871a4c6188') in 0.006869 seconds
Number of updated asset objects reloaded before import = 0Number of asset objects unloaded after import = 2

========================================================================
Received Import Request.
  Time since last request: 0.000060 seconds.
  path: Assets/Particle Ingredient Pack/Particle-Texture/Texture-CrystalBundle/Texture-Crystal.png
  artifactKey: Guid(2f371e490e9bb4f38b1ec5f95138ae98) Importer(815301076,1909f56bfc062723c751e8b465ee728b)
Start importing Assets/Particle Ingredient Pack/Particle-Texture/Texture-CrystalBundle/Texture-Crystal.png using Guid(2f371e490e9bb4f38b1ec5f95138ae98) Importer(815301076,1909f56bfc062723c751e8b465ee728b) (PreviewImporter) -> (artifact id: 'c542f64d77af4b535de0bafd3b99d80d') in 0.0094211 seconds
Number of updated asset objects reloaded before import = 0Number of asset objects unloaded after import = 2

========================================================================
Received Import Request.
  Time since last request: 0.000014 seconds.
  path: Assets/Particle Ingredient Pack/Particle-Texture/Texture-WeatherBundle/Texture-Cloud3.png
  artifactKey: Guid(aeac319599b4e4eb2a8505efeefd3db0) Importer(815301076,1909f56bfc062723c751e8b465ee728b)
Start importing Assets/Particle Ingredient Pack/Particle-Texture/Texture-WeatherBundle/Texture-Cloud3.png using Guid(aeac319599b4e4eb2a8505efeefd3db0) Importer(815301076,1909f56bfc062723c751e8b465ee728b) (PreviewImporter) -> (artifact id: '1d221330546960f6472a7295b335085d') in 0.0130172 seconds
Number of updated asset objects reloaded before import = 0Number of asset objects unloaded after import = 2

========================================================================
Received Import Request.
  Time since last request: 0.000051 seconds.
  path: Assets/Particle Ingredient Pack/Particle-Texture/Texture-CrystalBundle/Texture-Crystal2.png
  artifactKey: Guid(ff907bbb446064afab6ed82f0446069f) Importer(815301076,1909f56bfc062723c751e8b465ee728b)
Start importing Assets/Particle Ingredient Pack/Particle-Texture/Texture-CrystalBundle/Texture-Crystal2.png using Guid(ff907bbb446064afab6ed82f0446069f) Importer(815301076,1909f56bfc062723c751e8b465ee728b) (PreviewImporter) -> (artifact id: 'f8fac9b5878340e69d9b1d664242c930') in 0.0061026 seconds
Number of updated asset objects reloaded before import = 0Number of asset objects unloaded after import = 2

========================================================================
Received Import Request.
  Time since last request: 0.000015 seconds.
  path: Assets/Particle Ingredient Pack/Particle-Texture/Texture-BattleGearBundle/Texture-ArrowBundle/Texture-Arrow4.png
  artifactKey: Guid(a6edfd76cae5f41a5961400761f6746b) Importer(815301076,1909f56bfc062723c751e8b465ee728b)
Start importing Assets/Particle Ingredient Pack/Particle-Texture/Texture-BattleGearBundle/Texture-ArrowBundle/Texture-Arrow4.png using Guid(a6edfd76cae5f41a5961400761f6746b) Importer(815301076,1909f56bfc062723c751e8b465ee728b) (PreviewImporter) -> (artifact id: 'd6b31460ef8367f1ce664ab6a74c2ee7') in 0.0069001 seconds
Number of updated asset objects reloaded before import = 0Number of asset objects unloaded after import = 2

========================================================================
Received Import Request.
  Time since last request: 0.000015 seconds.
  path: Assets/Particle Ingredient Pack/Particle-Texture/Texture-SmokeBundle/Texture-Smoke9.png
  artifactKey: Guid(d394dd69f53544a2dbfe86cf830e9e5e) Importer(815301076,1909f56bfc062723c751e8b465ee728b)
Start importing Assets/Particle Ingredient Pack/Particle-Texture/Texture-SmokeBundle/Texture-Smoke9.png using Guid(d394dd69f53544a2dbfe86cf830e9e5e) Importer(815301076,1909f56bfc062723c751e8b465ee728b) (PreviewImporter) -> (artifact id: 'b511e9a415e6eb871b24827210a42f2e') in 0.0060909 seconds
Number of updated asset objects reloaded before import = 0Number of asset objects unloaded after import = 2

========================================================================
Received Import Request.
  Time since last request: 0.000013 seconds.
  path: Assets/whale_skin_texture.png
  artifactKey: Guid(330f33d74b45f0a4985ebafc98ff5530) Importer(815301076,1909f56bfc062723c751e8b465ee728b)
Start importing Assets/whale_skin_texture.png using Guid(330f33d74b45f0a4985ebafc98ff5530) Importer(815301076,1909f56bfc062723c751e8b465ee728b) (PreviewImporter) -> (artifact id: 'cfc5d3c0172bd18c5cf568b82fbf4ca8') in 0.0163859 seconds
Number of updated asset objects reloaded before import = 0Number of asset objects unloaded after import = 2

========================================================================
Received Import Request.
  Time since last request: 0.000015 seconds.
  path: Assets/Particle Ingredient Pack/Particle-Texture/Texture-WeatherBundle/Texture-WaterSplash.png
  artifactKey: Guid(3290df0d285e14c3f8d1b727d6c0ac76) Importer(815301076,1909f56bfc062723c751e8b465ee728b)
Start importing Assets/Particle Ingredient Pack/Particle-Texture/Texture-WeatherBundle/Texture-WaterSplash.png using Guid(3290df0d285e14c3f8d1b727d6c0ac76) Importer(815301076,1909f56bfc062723c751e8b465ee728b) (PreviewImporter) -> (artifact id: '863b3af5edfa5e344681470a0962a40f') in 0.0070393 seconds
Number of updated asset objects reloaded before import = 0Number of asset objects unloaded after import = 2

========================================================================
Received Import Request.
  Time since last request: 0.000015 seconds.
  path: Assets/Particle Ingredient Pack/Particle-Texture/Texture-BattleGearBundle/Texture-ArrowBundle/Texture-Arrow5.png
  artifactKey: Guid(5bd442aa1193f42228f543241fc748f6) Importer(815301076,1909f56bfc062723c751e8b465ee728b)
Start importing Assets/Particle Ingredient Pack/Particle-Texture/Texture-BattleGearBundle/Texture-ArrowBundle/Texture-Arrow5.png using Guid(5bd442aa1193f42228f543241fc748f6) Importer(815301076,1909f56bfc062723c751e8b465ee728b) (PreviewImporter) -> (artifact id: 'd9b93ac0c0d766dd6d683bc21fe733d6') in 0.0142146 seconds
Number of updated asset objects reloaded before import = 0Number of asset objects unloaded after import = 2

========================================================================
Received Import Request.
  Time since last request: 0.000017 seconds.
  path: Assets/Particle Ingredient Pack/Particle-Texture/Texture-WeatherBundle/Texture-Cloud.png
  artifactKey: Guid(783c62de97a8744398c4f7e8b4220d0e) Importer(815301076,1909f56bfc062723c751e8b465ee728b)
Start importing Assets/Particle Ingredient Pack/Particle-Texture/Texture-WeatherBundle/Texture-Cloud.png using Guid(783c62de97a8744398c4f7e8b4220d0e) Importer(815301076,1909f56bfc062723c751e8b465ee728b) (PreviewImporter) -> (artifact id: '1aef458de7fd823c5676363736e1d494') in 0.0062039 seconds
Number of updated asset objects reloaded before import = 0Number of asset objects unloaded after import = 2

========================================================================
Received Import Request.
  Time since last request: 0.000038 seconds.
  path: Assets/Particle Ingredient Pack/Particle-Texture/Texture-MagicCircleBundle/Texture-MagicCircle8.png
  artifactKey: Guid(02518eed433cbab43820577771953c25) Importer(815301076,1909f56bfc062723c751e8b465ee728b)
Start importing Assets/Particle Ingredient Pack/Particle-Texture/Texture-MagicCircleBundle/Texture-MagicCircle8.png using Guid(02518eed433cbab43820577771953c25) Importer(815301076,1909f56bfc062723c751e8b465ee728b) (PreviewImporter) -> (artifact id: '0edb7f2c2a4edff6f09e7f898de4563c') in 0.007116 seconds
Number of updated asset objects reloaded before import = 0Number of asset objects unloaded after import = 2

========================================================================
Received Import Request.
  Time since last request: 0.000016 seconds.
  path: Assets/Particle Ingredient Pack/Particle-Texture/Texture-BattleGearBundle/Texture-ShieldBundle/Texture-Shield2.png
  artifactKey: Guid(a9132f9efd126444589d0ab9d5abe5c8) Importer(815301076,1909f56bfc062723c751e8b465ee728b)
Start importing Assets/Particle Ingredient Pack/Particle-Texture/Texture-BattleGearBundle/Texture-ShieldBundle/Texture-Shield2.png using Guid(a9132f9efd126444589d0ab9d5abe5c8) Importer(815301076,1909f56bfc062723c751e8b465ee728b) (PreviewImporter) -> (artifact id: '5aeeba745d3ca0b737b14797c9a6edc4') in 0.0072994 seconds
Number of updated asset objects reloaded before import = 0Number of asset objects unloaded after import = 2

========================================================================
Received Import Request.
  Time since last request: 0.000022 seconds.
  path: Assets/Particle Ingredient Pack/Particle-Texture/Texture-BattleGearBundle/Texture-KunaiBundle/Texture-Kunai3.png
  artifactKey: Guid(2204ab2a00273224bbd0d6c302a86c33) Importer(815301076,1909f56bfc062723c751e8b465ee728b)
Start importing Assets/Particle Ingredient Pack/Particle-Texture/Texture-BattleGearBundle/Texture-KunaiBundle/Texture-Kunai3.png using Guid(2204ab2a00273224bbd0d6c302a86c33) Importer(815301076,1909f56bfc062723c751e8b465ee728b) (PreviewImporter) -> (artifact id: 'cf1fc3695a4724002c0d52a3d0fb6182') in 0.0071207 seconds
Number of updated asset objects reloaded before import = 0Number of asset objects unloaded after import = 2

========================================================================
Received Import Request.
  Time since last request: 0.000015 seconds.
  path: Assets/Particle Ingredient Pack/Particle-Texture/Texture-BattleGearBundle/Texture-ShieldBundle/Texture-Shield5.png
  artifactKey: Guid(2fd1ff26f67b9c347838dd81134aeddc) Importer(815301076,1909f56bfc062723c751e8b465ee728b)
Start importing Assets/Particle Ingredient Pack/Particle-Texture/Texture-BattleGearBundle/Texture-ShieldBundle/Texture-Shield5.png using Guid(2fd1ff26f67b9c347838dd81134aeddc) Importer(815301076,1909f56bfc062723c751e8b465ee728b) (PreviewImporter) -> (artifact id: '3c5e48d0929e85bd5e3ecd42d16d777d') in 0.0150266 seconds
Number of updated asset objects reloaded before import = 0Number of asset objects unloaded after import = 2

========================================================================
Received Import Request.
  Time since last request: 0.000017 seconds.
  path: Assets/Particle Ingredient Pack/Particle-Texture/Texture-MagicCircleBundle/Texture-MagicCircle2.png
  artifactKey: Guid(a1cc648a08461044b9d6bfdba0e0b4e5) Importer(815301076,1909f56bfc062723c751e8b465ee728b)
Start importing Assets/Particle Ingredient Pack/Particle-Texture/Texture-MagicCircleBundle/Texture-MagicCircle2.png using Guid(a1cc648a08461044b9d6bfdba0e0b4e5) Importer(815301076,1909f56bfc062723c751e8b465ee728b) (PreviewImporter) -> (artifact id: 'dd2ef08acd48a7dc6887c733ea7f3113') in 0.0068884 seconds
Number of updated asset objects reloaded before import = 0Number of asset objects unloaded after import = 2

========================================================================
Received Import Request.
  Time since last request: 0.000012 seconds.
  path: Assets/Particle Ingredient Pack/Particle-Texture/Texture-Spark&StarBundle/Texture-Star.png
  artifactKey: Guid(f092714920faec14193552a5514cb247) Importer(815301076,1909f56bfc062723c751e8b465ee728b)
Start importing Assets/Particle Ingredient Pack/Particle-Texture/Texture-Spark&StarBundle/Texture-Star.png using Guid(f092714920faec14193552a5514cb247) Importer(815301076,1909f56bfc062723c751e8b465ee728b) (PreviewImporter) -> (artifact id: '7c1188ea6a941d5f0655132940dbfde0') in 0.0078631 seconds
Number of updated asset objects reloaded before import = 0Number of asset objects unloaded after import = 2

========================================================================
Received Import Request.
  Time since last request: 0.000015 seconds.
  path: Assets/Particle Ingredient Pack/Particle-Texture/Texture-WeatherBundle/Texture-SnowCrystal.png
  artifactKey: Guid(6a61fd41c927c4091bf63481cdd8acb2) Importer(815301076,1909f56bfc062723c751e8b465ee728b)
Start importing Assets/Particle Ingredient Pack/Particle-Texture/Texture-WeatherBundle/Texture-SnowCrystal.png using Guid(6a61fd41c927c4091bf63481cdd8acb2) Importer(815301076,1909f56bfc062723c751e8b465ee728b) (PreviewImporter) -> (artifact id: '9bec10e11de4196ef8e0efdc5d3563d0') in 0.0074674 seconds
Number of updated asset objects reloaded before import = 0Number of asset objects unloaded after import = 2

========================================================================
Received Import Request.
  Time since last request: 0.000012 seconds.
  path: Assets/Particle Ingredient Pack/Particle-Texture/Texture-Spark&StarBundle/Texture-Spark2.png
  artifactKey: Guid(dc496c565a9748b46bcdb49101d3f2c9) Importer(815301076,1909f56bfc062723c751e8b465ee728b)
Start importing Assets/Particle Ingredient Pack/Particle-Texture/Texture-Spark&StarBundle/Texture-Spark2.png using Guid(dc496c565a9748b46bcdb49101d3f2c9) Importer(815301076,1909f56bfc062723c751e8b465ee728b) (PreviewImporter) -> (artifact id: '93efee2558f3f6989413acce0ee32849') in 0.0061395 seconds
Number of updated asset objects reloaded before import = 0Number of asset objects unloaded after import = 2

========================================================================
Received Import Request.
  Time since last request: 0.000019 seconds.
  path: Assets/Particle Ingredient Pack/Particle-Texture/Texture-BattleGearBundle/Texture-KunaiBundle/Texture-Kunai2.png
  artifactKey: Guid(ad2ee086bb9366a4eb8fb18cd1bf9a9d) Importer(815301076,1909f56bfc062723c751e8b465ee728b)
Start importing Assets/Particle Ingredient Pack/Particle-Texture/Texture-BattleGearBundle/Texture-KunaiBundle/Texture-Kunai2.png using Guid(ad2ee086bb9366a4eb8fb18cd1bf9a9d) Importer(815301076,1909f56bfc062723c751e8b465ee728b) (PreviewImporter) -> (artifact id: '6ae224f4d62df8ed2e7d4ecb4bbdc51d') in 0.0074651 seconds
Number of updated asset objects reloaded before import = 0Number of asset objects unloaded after import = 2

========================================================================
Received Import Request.
  Time since last request: 0.000017 seconds.
  path: Assets/Particle Ingredient Pack/Particle-Texture/Texture-BattleGearBundle/Texture-KunaiBundle/Texture-Kunai5.png
  artifactKey: Guid(2f5f84ee5259d794ab44f8d78f25c1c9) Importer(815301076,1909f56bfc062723c751e8b465ee728b)
Start importing Assets/Particle Ingredient Pack/Particle-Texture/Texture-BattleGearBundle/Texture-KunaiBundle/Texture-Kunai5.png using Guid(2f5f84ee5259d794ab44f8d78f25c1c9) Importer(815301076,1909f56bfc062723c751e8b465ee728b) (PreviewImporter) -> (artifact id: '965b93bb26aa060c9596393501af9701') in 0.0312447 seconds
Number of updated asset objects reloaded before import = 0Number of asset objects unloaded after import = 2

========================================================================
Received Import Request.
  Time since last request: 0.000021 seconds.
  path: Assets/Particle Ingredient Pack/Particle-Texture/Texture-MagicCircleBundle/Texture-MagicCircle6.png
  artifactKey: Guid(f437ec0fa0b7cdf4c91af8aeaffe9a9b) Importer(815301076,1909f56bfc062723c751e8b465ee728b)
Start importing Assets/Particle Ingredient Pack/Particle-Texture/Texture-MagicCircleBundle/Texture-MagicCircle6.png using Guid(f437ec0fa0b7cdf4c91af8aeaffe9a9b) Importer(815301076,1909f56bfc062723c751e8b465ee728b) (PreviewImporter) -> (artifact id: 'ea9d4db365492582f45cea5d7b794dec') in 0.0079781 seconds
Number of updated asset objects reloaded before import = 0Number of asset objects unloaded after import = 2

========================================================================
Received Import Request.
  Time since last request: 0.000016 seconds.
  path: Assets/Particle Ingredient Pack/Particle-Texture/Texture-RingBundle/Texture-Ring.png
  artifactKey: Guid(a4a71b9f529f97b4a86603a01a34bc2f) Importer(815301076,1909f56bfc062723c751e8b465ee728b)
Start importing Assets/Particle Ingredient Pack/Particle-Texture/Texture-RingBundle/Texture-Ring.png using Guid(a4a71b9f529f97b4a86603a01a34bc2f) Importer(815301076,1909f56bfc062723c751e8b465ee728b) (PreviewImporter) -> (artifact id: '5d8da297fe21b853baf1fb2b153f566f') in 0.0063786 seconds
Number of updated asset objects reloaded before import = 0Number of asset objects unloaded after import = 2

========================================================================
Received Import Request.
  Time since last request: 0.000046 seconds.
  path: Assets/Particle Ingredient Pack/Particle-Texture/Texture-SmokeBundle/Texture-Smoke1.png
  artifactKey: Guid(f09b4026ee6764c429e44a5565b36daf) Importer(815301076,1909f56bfc062723c751e8b465ee728b)
Start importing Assets/Particle Ingredient Pack/Particle-Texture/Texture-SmokeBundle/Texture-Smoke1.png using Guid(f09b4026ee6764c429e44a5565b36daf) Importer(815301076,1909f56bfc062723c751e8b465ee728b) (PreviewImporter) -> (artifact id: 'f2bd11fe9769b4201997ff60ffb7cdf5') in 0.0093323 seconds
Number of updated asset objects reloaded before import = 0Number of asset objects unloaded after import = 2

========================================================================
Received Import Request.
  Time since last request: 0.000015 seconds.
  path: Assets/Particle Ingredient Pack/Particle-Texture/Texture-BattleGearBundle/Texture-SwordBundle/Texture-Sword3(Filled).png
  artifactKey: Guid(07c826685f45f2f4b8cdc1110d737647) Importer(815301076,1909f56bfc062723c751e8b465ee728b)
Start importing Assets/Particle Ingredient Pack/Particle-Texture/Texture-BattleGearBundle/Texture-SwordBundle/Texture-Sword3(Filled).png using Guid(07c826685f45f2f4b8cdc1110d737647) Importer(815301076,1909f56bfc062723c751e8b465ee728b) (PreviewImporter) -> (artifact id: '98ecf8133e3163b5034db068278beeb5') in 0.0154619 seconds
Number of updated asset objects reloaded before import = 0Number of asset objects unloaded after import = 2

========================================================================
Received Import Request.
  Time since last request: 0.000018 seconds.
  path: Assets/Particle Ingredient Pack/Particle-Texture/Texture-LightningBundle/Texture-Lightning3.png
  artifactKey: Guid(0da286c7d23e5ec4ab7f2ba9bbabdf02) Importer(815301076,1909f56bfc062723c751e8b465ee728b)
Start importing Assets/Particle Ingredient Pack/Particle-Texture/Texture-LightningBundle/Texture-Lightning3.png using Guid(0da286c7d23e5ec4ab7f2ba9bbabdf02) Importer(815301076,1909f56bfc062723c751e8b465ee728b) (PreviewImporter) -> (artifact id: '8b20d0d59a7f894ff0d2afab9299cbc0') in 0.0063058 seconds
Number of updated asset objects reloaded before import = 0Number of asset objects unloaded after import = 2

========================================================================
Received Import Request.
  Time since last request: 25.212608 seconds.
  path: Assets/Hand Painted Grass  Texture/Texture/Grass_Normal.png
  artifactKey: Guid(abdf0ea32c5d9a9459d3e4ead7c70937) Importer(815301076,1909f56bfc062723c751e8b465ee728b)
Start importing Assets/Hand Painted Grass  Texture/Texture/Grass_Normal.png using Guid(abdf0ea32c5d9a9459d3e4ead7c70937) Importer(815301076,1909f56bfc062723c751e8b465ee728b) (PreviewImporter) -> (artifact id: '4b0295b05c5e0e6f1f1b53b6469a2d1e') in 0.0441743 seconds
Number of updated asset objects reloaded before import = 0Number of asset objects unloaded after import = 2

========================================================================
Received Prepare
Begin MonoManager ReloadAssembly
- Loaded All Assemblies, in  0.812 seconds
Refreshing native plugins compatible for Editor in 1.46 ms, found 3 plugins.
Native extension for WindowsStandalone target not found
Mono: successfully reloaded assembly
- Finished resetting the current domain, in  0.808 seconds
Domain Reload Profiling: 1622ms
	BeginReloadAssembly (289ms)
		ExecutionOrderSort (0ms)
		DisableScriptedObjects (7ms)
		BackupInstance (0ms)
		ReleaseScriptingObjects (0ms)
		CreateAndSetChildDomain (60ms)
	RebuildCommonClasses (40ms)
	RebuildNativeTypeToScriptingClass (15ms)
	initialDomainReloadingComplete (28ms)
	LoadAllAssembliesAndSetupDomain (441ms)
		LoadAssemblies (422ms)
		RebuildTransferFunctionScriptingTraits (0ms)
		AnalyzeDomain (197ms)
			TypeCache.Refresh (7ms)
				TypeCache.ScanAssembly (0ms)
			BuildScriptInfoCaches (174ms)
			ResolveRequiredComponents (11ms)
	FinalizeReload (808ms)
		ReleaseScriptCaches (0ms)
		RebuildScriptCaches (0ms)
		SetupLoadedEditorAssemblies (665ms)
			LogAssemblyErrors (0ms)
			InitializePlatformSupportModulesInManaged (2ms)
			SetLoadedEditorAssemblies (5ms)
			BeforeProcessingInitializeOnLoad (129ms)
			ProcessInitializeOnLoadAttributes (454ms)
			ProcessInitializeOnLoadMethodAttributes (73ms)
			AfterProcessingInitializeOnLoad (2ms)
			EditorAssembliesLoaded (0ms)
		ExecutionOrderSort2 (0ms)
		AwakeInstancesAfterBackupRestoration (11ms)
Refreshing native plugins compatible for Editor in 1.98 ms, found 3 plugins.
Preloading 0 native plugins for Editor in 0.00 ms.
Unloading 29 Unused Serialized files (Serialized files now loaded: 0)
Unloading 5586 unused Assets / (5.3 MB). Loaded Objects now: 6142.
Memory consumption went from 134.5 MB to 129.3 MB.
Total: 11.665200 ms (FindLiveObjects: 0.799700 ms CreateObjectMapping: 1.137800 ms MarkObjects: 6.898700 ms  DeleteObjects: 2.828000 ms)

Prepare: number of updated asset objects reloaded= 0
========================================================================
Received Import Request.
  Time since last request: 302.047326 seconds.
  path: Assets/SUIMONO - WATER SYSTEM 2/_DEMO/TERRAIN/Objects/WoodenCrates/Textures/diffuse.tga
  artifactKey: Guid(f39c6a5d3b3aec44bad61e4389677fb0) Importer(815301076,1909f56bfc062723c751e8b465ee728b)
Start importing Assets/SUIMONO - WATER SYSTEM 2/_DEMO/TERRAIN/Objects/WoodenCrates/Textures/diffuse.tga using Guid(f39c6a5d3b3aec44bad61e4389677fb0) Importer(815301076,1909f56bfc062723c751e8b465ee728b) (PreviewImporter) -> (artifact id: 'fc7c4ce9bb7e18006f4645d2b4331c93') in 0.0846268 seconds
Number of updated asset objects reloaded before import = 0Number of asset objects unloaded after import = 2

========================================================================
Received Import Request.
  Time since last request: 0.000019 seconds.
  path: Assets/Hand Painted Grass  Texture/Texture/Grass_Base_Color.png
  artifactKey: Guid(3e56fccbd43645846b91452f3498941d) Importer(815301076,1909f56bfc062723c751e8b465ee728b)
Start importing Assets/Hand Painted Grass  Texture/Texture/Grass_Base_Color.png using Guid(3e56fccbd43645846b91452f3498941d) Importer(815301076,1909f56bfc062723c751e8b465ee728b) (PreviewImporter) -> (artifact id: 'f202e2ae769d46319bb17d72bf546422') in 0.0168573 seconds
Number of updated asset objects reloaded before import = 0Number of asset objects unloaded after import = 2

========================================================================
Received Import Request.
  Time since last request: 0.000032 seconds.
  path: Assets/Gizmos/gui_icon_buoy.psd
  artifactKey: Guid(b059d98f74e159b44b9718940f8fba10) Importer(815301076,1909f56bfc062723c751e8b465ee728b)
Start importing Assets/Gizmos/gui_icon_buoy.psd using Guid(b059d98f74e159b44b9718940f8fba10) Importer(815301076,1909f56bfc062723c751e8b465ee728b) (PreviewImporter) -> (artifact id: 'c203de537f7ed0550837ce7a43ed98ea') in 0.0148984 seconds
Number of updated asset objects reloaded before import = 0Number of asset objects unloaded after import = 2

========================================================================
Received Import Request.
  Time since last request: 0.000014 seconds.
  path: Assets/SUIMONO - WATER SYSTEM 2/RESOURCES/textures/gui_bgpresetSt.psd
  artifactKey: Guid(8ba4731c4dc7b4540a79bea61e93e0ae) Importer(815301076,1909f56bfc062723c751e8b465ee728b)
Start importing Assets/SUIMONO - WATER SYSTEM 2/RESOURCES/textures/gui_bgpresetSt.psd using Guid(8ba4731c4dc7b4540a79bea61e93e0ae) Importer(815301076,1909f56bfc062723c751e8b465ee728b) (PreviewImporter) -> (artifact id: 'd8777f335e971a0852162f5a3a49b0d0') in 0.0063533 seconds
Number of updated asset objects reloaded before import = 0Number of asset objects unloaded after import = 2

========================================================================
Received Import Request.
  Time since last request: 0.000014 seconds.
  path: Assets/SUIMONO - WATER SYSTEM 2/RESOURCES/textures/gui_bgpresetSt_i.psd
  artifactKey: Guid(a9d0f7d403c41ab49a903bae808b46d3) Importer(815301076,1909f56bfc062723c751e8b465ee728b)
Start importing Assets/SUIMONO - WATER SYSTEM 2/RESOURCES/textures/gui_bgpresetSt_i.psd using Guid(a9d0f7d403c41ab49a903bae808b46d3) Importer(815301076,1909f56bfc062723c751e8b465ee728b) (PreviewImporter) -> (artifact id: '57afaa099530ef373adf14a83c96943d') in 0.013952 seconds
Number of updated asset objects reloaded before import = 0Number of asset objects unloaded after import = 2

========================================================================
Received Import Request.
  Time since last request: 0.000017 seconds.
  path: Assets/SUIMONO - WATER SYSTEM 2/RESOURCES/textures/gui_bgpresetNd.psd
  artifactKey: Guid(725b91ee22efe3044888d60c4824bc56) Importer(815301076,1909f56bfc062723c751e8b465ee728b)
Start importing Assets/SUIMONO - WATER SYSTEM 2/RESOURCES/textures/gui_bgpresetNd.psd using Guid(725b91ee22efe3044888d60c4824bc56) Importer(815301076,1909f56bfc062723c751e8b465ee728b) (PreviewImporter) -> (artifact id: '533632b70cb5c199a8552a2e4e815cea') in 0.0129777 seconds
Number of updated asset objects reloaded before import = 0Number of asset objects unloaded after import = 2

========================================================================
Received Import Request.
  Time since last request: 0.000017 seconds.
  path: Assets/SeaLife/Emperor Angelfish/Art/Textures/Emperor Angelfish N.png
  artifactKey: Guid(ad64459ddadaf2642849391967d701e5) Importer(815301076,1909f56bfc062723c751e8b465ee728b)
Start importing Assets/SeaLife/Emperor Angelfish/Art/Textures/Emperor Angelfish N.png using Guid(ad64459ddadaf2642849391967d701e5) Importer(815301076,1909f56bfc062723c751e8b465ee728b) (PreviewImporter) -> (artifact id: 'bc73b15a025f9789f269a1f380171bee') in 0.0169554 seconds
Number of updated asset objects reloaded before import = 0Number of asset objects unloaded after import = 2

========================================================================
Received Import Request.
  Time since last request: 37.242617 seconds.
  path: Assets/SUIMONO - WATER SYSTEM 2/_DEMO/TERRAIN/_TerrainAutoUpgrade/layer_tex_sand_difftex_sand_norm2023054508611406.terrainlayer
  artifactKey: Guid(9e8399a44e4589a4f99c709bc7bf0098) Importer(815301076,1909f56bfc062723c751e8b465ee728b)
Start importing Assets/SUIMONO - WATER SYSTEM 2/_DEMO/TERRAIN/_TerrainAutoUpgrade/layer_tex_sand_difftex_sand_norm2023054508611406.terrainlayer using Guid(9e8399a44e4589a4f99c709bc7bf0098) Importer(815301076,1909f56bfc062723c751e8b465ee728b) (PreviewImporter) -> (artifact id: 'd0f64ae438013cf6cd7f38b782978bac') in 0.0376352 seconds
Number of updated asset objects reloaded before import = 0Number of asset objects unloaded after import = 4

========================================================================
Received Import Request.
  Time since last request: 0.000022 seconds.
  path: Assets/SUIMONO - WATER SYSTEM 2/_DEMO/TERRAIN/textures_terrain/tex_sandwet_norm.psd
  artifactKey: Guid(79fff48c0d0dec242a598396ee02ed7d) Importer(815301076,1909f56bfc062723c751e8b465ee728b)
Start importing Assets/SUIMONO - WATER SYSTEM 2/_DEMO/TERRAIN/textures_terrain/tex_sandwet_norm.psd using Guid(79fff48c0d0dec242a598396ee02ed7d) Importer(815301076,1909f56bfc062723c751e8b465ee728b) (PreviewImporter) -> (artifact id: 'a59996aa9a4a06b094bbadaed0a0e246') in 0.0147943 seconds
Number of updated asset objects reloaded before import = 0Number of asset objects unloaded after import = 2

========================================================================
Received Import Request.
  Time since last request: 0.000016 seconds.
  path: Assets/SUIMONO - WATER SYSTEM 2/_DEMO/TERRAIN/textures_terrain/tex_sand_norm.psd
  artifactKey: Guid(b3a3ce87d6afbbf47a9fcb442cd93183) Importer(815301076,1909f56bfc062723c751e8b465ee728b)
Start importing Assets/SUIMONO - WATER SYSTEM 2/_DEMO/TERRAIN/textures_terrain/tex_sand_norm.psd using Guid(b3a3ce87d6afbbf47a9fcb442cd93183) Importer(815301076,1909f56bfc062723c751e8b465ee728b) (PreviewImporter) -> (artifact id: '3965ce3920439ea7fcf1ddee8561672e') in 0.0165719 seconds
Number of updated asset objects reloaded before import = 0Number of asset objects unloaded after import = 2

