Using pre-set license
Built from '6000.1/staging' branch; Version is '6000.1.0f1 (9ea152932a88) revision 10395986'; Using compiler version '194234433'; Build Type 'Release'
OS: 'Windows 11  (10.0.26100) 64bit Core' Language: 'en' Physical Memory: 32687 MB
BatchMode: 1, IsHumanControllingUs: 0, StartBugReporterOnCrash: 0, Is64bit: 1, IsPro: 1
Date: 2025-07-04T13:01:48Z

COMMAND LINE ARGUMENTS:
D:\Unity\Editor\6000.1.9f1\Unity.exe
-adb2
-batchMode
-noUpm
-name
AssetImportWorker2
-projectPath
D:/A Whale Of A Time
-logFile
Logs/AssetImportWorker2.log
-srvPort
57320
-job-worker-count
5
-background-job-worker-count
8
-gc-helper-count
1
-name
AssetImport
Successfully changed project path to: D:/A Whale Of A Time
D:/A Whale Of A Time
[UnityMemory] Configuration Parameters - Can be set up in boot.config
    "memorysetup-allocator-temp-initial-block-size-main=262144"
    "memorysetup-allocator-temp-initial-block-size-worker=262144"
    "memorysetup-bucket-allocator-granularity=16"
    "memorysetup-bucket-allocator-bucket-count=8"
    "memorysetup-bucket-allocator-block-size=33554432"
    "memorysetup-bucket-allocator-block-count=8"
    "memorysetup-main-allocator-block-size=16777216"
    "memorysetup-thread-allocator-block-size=16777216"
    "memorysetup-gfx-main-allocator-block-size=16777216"
    "memorysetup-gfx-thread-allocator-block-size=16777216"
    "memorysetup-cache-allocator-block-size=4194304"
    "memorysetup-typetree-allocator-block-size=2097152"
    "memorysetup-profiler-bucket-allocator-granularity=16"
    "memorysetup-profiler-bucket-allocator-bucket-count=8"
    "memorysetup-profiler-bucket-allocator-block-size=33554432"
    "memorysetup-profiler-bucket-allocator-block-count=8"
    "memorysetup-profiler-allocator-block-size=16777216"
    "memorysetup-profiler-editor-allocator-block-size=1048576"
    "memorysetup-temp-allocator-size-main=16777216"
    "memorysetup-job-temp-allocator-block-size=2097152"
    "memorysetup-job-temp-allocator-block-size-background=1048576"
    "memorysetup-job-temp-allocator-reduction-small-platforms=262144"
    "memorysetup-temp-allocator-size-background-worker=32768"
    "memorysetup-temp-allocator-size-job-worker=262144"
    "memorysetup-temp-allocator-size-preload-manager=33554432"
    "memorysetup-temp-allocator-size-nav-mesh-worker=65536"
    "memorysetup-temp-allocator-size-audio-worker=65536"
    "memorysetup-temp-allocator-size-cloud-worker=32768"
    "memorysetup-temp-allocator-size-gi-baking-worker=262144"
    "memorysetup-temp-allocator-size-gi-baking-worker=262144"
    "memorysetup-temp-allocator-size-gi-baking-worker=262144"
    "memorysetup-temp-allocator-size-gi-baking-worker=262144"
    "memorysetup-temp-allocator-size-gi-baking-worker=262144"
    "memorysetup-temp-allocator-size-gfx=262144"
Player connection [34156]  Target information:

Player connection [34156]  * "[IP] 192.168.0.79 [Port] 0 [Flags] 2 [Guid] 2757089462 [EditorId] 2757089462 [Version] 1048832 [Id] WindowsEditor(7,Jackie-Moff) [Debug] 1 [PackageName] WindowsEditor [ProjectName] Editor" 

Player connection [34156] Host joined multi-casting on [225.0.0.222:54997]...
Player connection [34156] Host joined alternative multi-casting on [225.0.0.222:34997]...
JobSystem: Creating JobQueue using job-worker-count value 5
Input System module state changed to: Initialized.
[Physics::Module] Initialized fallback backend.
[Physics::Module] Id: 0xdecafbad
Library Redirect Path: Library/
[Physics::Module] Selected backend.
[Physics::Module] Name: PhysX
[Physics::Module] Id: 0xf2b8ea05
[Physics::Module] SDK Version: 4.1.2
[Physics::Module] Integration Version: 1.0.0
[Physics::Module] Threading Mode: Multi-Threaded
Refreshing native plugins compatible for Editor in 3.21 ms, found 3 plugins.
Preloading 0 native plugins for Editor in 0.00 ms.
Initialize engine version: 6000.1.0f1 (9ea152932a88)
[Subsystems] Discovering subsystems at path D:/Unity/Editor/6000.1.9f1/Data/Resources/UnitySubsystems
[Subsystems] Discovering subsystems at path D:/A Whale Of A Time/Assets
GfxDevice: creating device client; kGfxThreadingModeNonThreaded
Direct3D:
    Version:         Direct3D 12 [level 12.1]
    Renderer:        AMD Radeon RX 6800 XT (ID=0x73bf)
    Vendor:          ATI
    VRAM:            16337 MB
    App VRAM Budget: 15569 MB
    Driver:          32.0.21013.1000
Initialize mono
Mono path[0] = 'D:/Unity/Editor/6000.1.9f1/Data/Managed'
Mono path[1] = 'D:/Unity/Editor/6000.1.9f1/Data/MonoBleedingEdge/lib/mono/unityjit-win32'
Mono config path = 'D:/Unity/Editor/6000.1.9f1/Data/MonoBleedingEdge/etc'
Using monoOptions --debugger-agent=transport=dt_socket,embedding=1,server=y,suspend=n,address=127.0.0.1:56152
Begin MonoManager ReloadAssembly
Registering precompiled unity dll's ...
Register platform support module: D:/Unity/Editor/6000.1.9f1/Data/PlaybackEngines/WindowsStandaloneSupport/UnityEditor.WindowsStandalone.Extensions.dll
Registered in 0.001902 seconds.
- Loaded All Assemblies, in  0.510 seconds
Native extension for WindowsStandalone target not found
Mono: successfully reloaded assembly
- Finished resetting the current domain, in  0.426 seconds
Domain Reload Profiling: 936ms
	BeginReloadAssembly (211ms)
		ExecutionOrderSort (0ms)
		DisableScriptedObjects (0ms)
		BackupInstance (0ms)
		ReleaseScriptingObjects (0ms)
		CreateAndSetChildDomain (1ms)
	RebuildCommonClasses (42ms)
	RebuildNativeTypeToScriptingClass (17ms)
	initialDomainReloadingComplete (50ms)
	LoadAllAssembliesAndSetupDomain (189ms)
		LoadAssemblies (211ms)
		RebuildTransferFunctionScriptingTraits (0ms)
		AnalyzeDomain (186ms)
			TypeCache.Refresh (184ms)
				TypeCache.ScanAssembly (168ms)
			BuildScriptInfoCaches (0ms)
			ResolveRequiredComponents (0ms)
	FinalizeReload (427ms)
		ReleaseScriptCaches (0ms)
		RebuildScriptCaches (0ms)
		SetupLoadedEditorAssemblies (388ms)
			LogAssemblyErrors (0ms)
			InitializePlatformSupportModulesInManaged (54ms)
			SetLoadedEditorAssemblies (5ms)
			BeforeProcessingInitializeOnLoad (72ms)
			ProcessInitializeOnLoadAttributes (170ms)
			ProcessInitializeOnLoadMethodAttributes (87ms)
			AfterProcessingInitializeOnLoad (0ms)
			EditorAssembliesLoaded (0ms)
		ExecutionOrderSort2 (0ms)
		AwakeInstancesAfterBackupRestoration (0ms)
========================================================================
Worker process is ready to serve import requests
Import Worker Mode flag is 0x00
Begin MonoManager ReloadAssembly
- Loaded All Assemblies, in  0.885 seconds
Refreshing native plugins compatible for Editor in 2.23 ms, found 3 plugins.
Native extension for WindowsStandalone target not found
Mono: successfully reloaded assembly
- Finished resetting the current domain, in  0.856 seconds
Domain Reload Profiling: 1740ms
	BeginReloadAssembly (237ms)
		ExecutionOrderSort (0ms)
		DisableScriptedObjects (7ms)
		BackupInstance (0ms)
		ReleaseScriptingObjects (0ms)
		CreateAndSetChildDomain (32ms)
	RebuildCommonClasses (42ms)
	RebuildNativeTypeToScriptingClass (13ms)
	initialDomainReloadingComplete (51ms)
	LoadAllAssembliesAndSetupDomain (540ms)
		LoadAssemblies (420ms)
		RebuildTransferFunctionScriptingTraits (0ms)
		AnalyzeDomain (283ms)
			TypeCache.Refresh (222ms)
				TypeCache.ScanAssembly (205ms)
			BuildScriptInfoCaches (51ms)
			ResolveRequiredComponents (7ms)
	FinalizeReload (856ms)
		ReleaseScriptCaches (0ms)
		RebuildScriptCaches (0ms)
		SetupLoadedEditorAssemblies (694ms)
			LogAssemblyErrors (0ms)
			InitializePlatformSupportModulesInManaged (2ms)
			SetLoadedEditorAssemblies (6ms)
			BeforeProcessingInitializeOnLoad (123ms)
			ProcessInitializeOnLoadAttributes (494ms)
			ProcessInitializeOnLoadMethodAttributes (67ms)
			AfterProcessingInitializeOnLoad (3ms)
			EditorAssembliesLoaded (0ms)
		ExecutionOrderSort2 (0ms)
		AwakeInstancesAfterBackupRestoration (15ms)
Launched and connected shader compiler UnityShaderCompiler.exe after 0.01 seconds
Refreshing native plugins compatible for Editor in 1.32 ms, found 3 plugins.
Preloading 0 native plugins for Editor in 0.00 ms.
Unloading 98 Unused Serialized files (Serialized files now loaded: 0)
Unloading 5588 unused Assets / (5.3 MB). Loaded Objects now: 6130.
Memory consumption went from 143.8 MB to 138.5 MB.
Total: 8.993100 ms (FindLiveObjects: 0.547200 ms CreateObjectMapping: 0.791300 ms MarkObjects: 5.476700 ms  DeleteObjects: 2.176900 ms)

========================================================================
Received Import Request.
  Time since last request: 62541.213429 seconds.
  path: Assets/Particle Ingredient Pack/Particle-Texture/Texture-BattleGearBundle/Texture-ArrowBundle/Texture-Arrow.png
  artifactKey: Guid(1749a5e9f5d0f469c9ab22d22d72fb91) Importer(815301076,1909f56bfc062723c751e8b465ee728b)
Start importing Assets/Particle Ingredient Pack/Particle-Texture/Texture-BattleGearBundle/Texture-ArrowBundle/Texture-Arrow.png using Guid(1749a5e9f5d0f469c9ab22d22d72fb91) Importer(815301076,1909f56bfc062723c751e8b465ee728b) (PreviewImporter) -> (artifact id: '2a1a4293295b99f0ffdb9b385118a883') in 0.0717122 seconds
Number of updated asset objects reloaded before import = 0Number of asset objects unloaded after import = 2

========================================================================
Received Import Request.
  Time since last request: 0.000018 seconds.
  path: Assets/Particle Ingredient Pack/Particle-Texture/Texture-WeatherBundle/Texture-RainDrop2.png
  artifactKey: Guid(609feac0d0a6143f6893a3d7dc590f47) Importer(815301076,1909f56bfc062723c751e8b465ee728b)
Start importing Assets/Particle Ingredient Pack/Particle-Texture/Texture-WeatherBundle/Texture-RainDrop2.png using Guid(609feac0d0a6143f6893a3d7dc590f47) Importer(815301076,1909f56bfc062723c751e8b465ee728b) (PreviewImporter) -> (artifact id: 'dca47d76ce7292673a6fbc687dd4edc9') in 0.0078348 seconds
Number of updated asset objects reloaded before import = 0Number of asset objects unloaded after import = 2

========================================================================
Received Import Request.
  Time since last request: 0.000044 seconds.
  path: Assets/Particle Ingredient Pack/Particle-Texture/Texture-CrystalBundle/Texture-Crystal4.png
  artifactKey: Guid(ab28aad8a58da4c54bb2660496b5e6ef) Importer(815301076,1909f56bfc062723c751e8b465ee728b)
Start importing Assets/Particle Ingredient Pack/Particle-Texture/Texture-CrystalBundle/Texture-Crystal4.png using Guid(ab28aad8a58da4c54bb2660496b5e6ef) Importer(815301076,1909f56bfc062723c751e8b465ee728b) (PreviewImporter) -> (artifact id: '8298c252f11663061effaaf4cf7a1893') in 0.0060498 seconds
Number of updated asset objects reloaded before import = 0Number of asset objects unloaded after import = 2

========================================================================
Received Import Request.
  Time since last request: 0.000017 seconds.
  path: Assets/Particle Ingredient Pack/Particle-Texture/Texture-WeatherBundle/Texture-Cloud4.png
  artifactKey: Guid(7e0f88491fc6343eb9cd6704aa60c8be) Importer(815301076,1909f56bfc062723c751e8b465ee728b)
Start importing Assets/Particle Ingredient Pack/Particle-Texture/Texture-WeatherBundle/Texture-Cloud4.png using Guid(7e0f88491fc6343eb9cd6704aa60c8be) Importer(815301076,1909f56bfc062723c751e8b465ee728b) (PreviewImporter) -> (artifact id: 'd58360d987572fa1d814b1a677711745') in 0.0062655 seconds
Number of updated asset objects reloaded before import = 0Number of asset objects unloaded after import = 2

========================================================================
Received Import Request.
  Time since last request: 0.000014 seconds.
  path: Assets/Particle Ingredient Pack/Particle-Texture/Texture-SwordEffectBundle/Texture-SwordEffect4.png
  artifactKey: Guid(cb9e676ccba5d4e44903e2a70ca14204) Importer(815301076,1909f56bfc062723c751e8b465ee728b)
Start importing Assets/Particle Ingredient Pack/Particle-Texture/Texture-SwordEffectBundle/Texture-SwordEffect4.png using Guid(cb9e676ccba5d4e44903e2a70ca14204) Importer(815301076,1909f56bfc062723c751e8b465ee728b) (PreviewImporter) -> (artifact id: 'd37278929d48b49c6bda610accb0e128') in 0.0085229 seconds
Number of updated asset objects reloaded before import = 0Number of asset objects unloaded after import = 2

========================================================================
Received Import Request.
  Time since last request: 0.000016 seconds.
  path: Assets/Particle Ingredient Pack/Particle-Texture/Texture-BattleGearBundle/Texture-SwordBundle/Texture-Sword2(Filled).png
  artifactKey: Guid(d118b6094027e8748adf603b7a63b937) Importer(815301076,1909f56bfc062723c751e8b465ee728b)
Start importing Assets/Particle Ingredient Pack/Particle-Texture/Texture-BattleGearBundle/Texture-SwordBundle/Texture-Sword2(Filled).png using Guid(d118b6094027e8748adf603b7a63b937) Importer(815301076,1909f56bfc062723c751e8b465ee728b) (PreviewImporter) -> (artifact id: 'a40fa1e10e07389f70652f7a763959c5') in 0.0079439 seconds
Number of updated asset objects reloaded before import = 0Number of asset objects unloaded after import = 2

========================================================================
Received Import Request.
  Time since last request: 0.000015 seconds.
  path: Assets/Particle Ingredient Pack/Particle-Texture/Texture-SmokeBundle/Texture-Smoke6.png
  artifactKey: Guid(467691c031aec4e7a89a67649469dabf) Importer(815301076,1909f56bfc062723c751e8b465ee728b)
Start importing Assets/Particle Ingredient Pack/Particle-Texture/Texture-SmokeBundle/Texture-Smoke6.png using Guid(467691c031aec4e7a89a67649469dabf) Importer(815301076,1909f56bfc062723c751e8b465ee728b) (PreviewImporter) -> (artifact id: 'c7d9df980c953493f5e8051c0891afc7') in 0.007186 seconds
Number of updated asset objects reloaded before import = 0Number of asset objects unloaded after import = 2

========================================================================
Received Import Request.
  Time since last request: 0.000012 seconds.
  path: Assets/Particle Ingredient Pack/Particle-Texture/Texture-BattleGearBundle/Texture-SwordBundle/Texture-Sword(Frame).png
  artifactKey: Guid(82a0f666b02d12247a46ca94b670b124) Importer(815301076,1909f56bfc062723c751e8b465ee728b)
Start importing Assets/Particle Ingredient Pack/Particle-Texture/Texture-BattleGearBundle/Texture-SwordBundle/Texture-Sword(Frame).png using Guid(82a0f666b02d12247a46ca94b670b124) Importer(815301076,1909f56bfc062723c751e8b465ee728b) (PreviewImporter) -> (artifact id: '359f3ccf630efcfe9fb7762f49863d53') in 0.0076765 seconds
Number of updated asset objects reloaded before import = 0Number of asset objects unloaded after import = 2

========================================================================
Received Import Request.
  Time since last request: 0.000021 seconds.
  path: Assets/Particle Ingredient Pack/Particle-Texture/Texture-BattleGearBundle/Texture-SwordBundle/Texture-Sword(Filled).png
  artifactKey: Guid(5c342a69de19e2e4cafc25139c3c59b9) Importer(815301076,1909f56bfc062723c751e8b465ee728b)
Start importing Assets/Particle Ingredient Pack/Particle-Texture/Texture-BattleGearBundle/Texture-SwordBundle/Texture-Sword(Filled).png using Guid(5c342a69de19e2e4cafc25139c3c59b9) Importer(815301076,1909f56bfc062723c751e8b465ee728b) (PreviewImporter) -> (artifact id: '8b86bc64c239e4f950b746ac0522b56b') in 0.0144666 seconds
Number of updated asset objects reloaded before import = 0Number of asset objects unloaded after import = 2

========================================================================
Received Import Request.
  Time since last request: 0.000015 seconds.
  path: Assets/Particle Ingredient Pack/Particle-Texture/Texture-WeatherBundle/Texture-SnowCrystal2.png
  artifactKey: Guid(850de597a52dc4a23b9eb3c10eb591fe) Importer(815301076,1909f56bfc062723c751e8b465ee728b)
Start importing Assets/Particle Ingredient Pack/Particle-Texture/Texture-WeatherBundle/Texture-SnowCrystal2.png using Guid(850de597a52dc4a23b9eb3c10eb591fe) Importer(815301076,1909f56bfc062723c751e8b465ee728b) (PreviewImporter) -> (artifact id: 'e65dc4711332d4aa71ab915f8623eec2') in 0.0059361 seconds
Number of updated asset objects reloaded before import = 0Number of asset objects unloaded after import = 2

========================================================================
Received Import Request.
  Time since last request: 0.000012 seconds.
  path: Assets/Particle Ingredient Pack/Particle-Texture/Texture-WeatherBundle/Texture-Cloud5.png
  artifactKey: Guid(3392e1c667f2043f293c37ea43474444) Importer(815301076,1909f56bfc062723c751e8b465ee728b)
Start importing Assets/Particle Ingredient Pack/Particle-Texture/Texture-WeatherBundle/Texture-Cloud5.png using Guid(3392e1c667f2043f293c37ea43474444) Importer(815301076,1909f56bfc062723c751e8b465ee728b) (PreviewImporter) -> (artifact id: 'bec46998fa8133607399129b8124af70') in 0.0077398 seconds
Number of updated asset objects reloaded before import = 0Number of asset objects unloaded after import = 2

========================================================================
Received Import Request.
  Time since last request: 0.000013 seconds.
  path: Assets/Particle Ingredient Pack/Particle-Texture/Texture-BattleGearBundle/Texture-SwordBundle/Texture-Sword5(Frame).png
  artifactKey: Guid(7b11f720f68ac474892c81cd16a8d7eb) Importer(815301076,1909f56bfc062723c751e8b465ee728b)
Start importing Assets/Particle Ingredient Pack/Particle-Texture/Texture-BattleGearBundle/Texture-SwordBundle/Texture-Sword5(Frame).png using Guid(7b11f720f68ac474892c81cd16a8d7eb) Importer(815301076,1909f56bfc062723c751e8b465ee728b) (PreviewImporter) -> (artifact id: 'c42bd832dfb48cd9319c40ed81de9454') in 0.0075401 seconds
Number of updated asset objects reloaded before import = 0Number of asset objects unloaded after import = 2

========================================================================
Received Import Request.
  Time since last request: 0.000016 seconds.
  path: Assets/Particle Ingredient Pack/Particle-Texture/Texture-SmokeBundle/Texture-Smoke10.png
  artifactKey: Guid(98baa22dcbb3340a8b28c205667feff6) Importer(815301076,1909f56bfc062723c751e8b465ee728b)
Start importing Assets/Particle Ingredient Pack/Particle-Texture/Texture-SmokeBundle/Texture-Smoke10.png using Guid(98baa22dcbb3340a8b28c205667feff6) Importer(815301076,1909f56bfc062723c751e8b465ee728b) (PreviewImporter) -> (artifact id: 'dda0c239cd768679c3ad8fa1881c9789') in 0.0057186 seconds
Number of updated asset objects reloaded before import = 0Number of asset objects unloaded after import = 2

========================================================================
Received Import Request.
  Time since last request: 0.000014 seconds.
  path: Assets/Particle Ingredient Pack/Particle-Texture/Texture-MagicCircleBundle/Texture-MagicCircle.png
  artifactKey: Guid(00f5c53a87ce05c449d2256ffcfb92bf) Importer(815301076,1909f56bfc062723c751e8b465ee728b)
Start importing Assets/Particle Ingredient Pack/Particle-Texture/Texture-MagicCircleBundle/Texture-MagicCircle.png using Guid(00f5c53a87ce05c449d2256ffcfb92bf) Importer(815301076,1909f56bfc062723c751e8b465ee728b) (PreviewImporter) -> (artifact id: '8c3d37fcf1726d9567cb7d5da61075f1') in 0.0059138 seconds
Number of updated asset objects reloaded before import = 0Number of asset objects unloaded after import = 2

========================================================================
Received Import Request.
  Time since last request: 0.000016 seconds.
  path: Assets/Particle Ingredient Pack/Particle-Texture/Texture-SmokeBundle/Texture-Smoke7.png
  artifactKey: Guid(1ee7fb3be014246a5b35155b242cc359) Importer(815301076,1909f56bfc062723c751e8b465ee728b)
Start importing Assets/Particle Ingredient Pack/Particle-Texture/Texture-SmokeBundle/Texture-Smoke7.png using Guid(1ee7fb3be014246a5b35155b242cc359) Importer(815301076,1909f56bfc062723c751e8b465ee728b) (PreviewImporter) -> (artifact id: 'ad52e45d09ef8e30108a9509297d74be') in 0.0067392 seconds
Number of updated asset objects reloaded before import = 0Number of asset objects unloaded after import = 2

========================================================================
Received Import Request.
  Time since last request: 0.000016 seconds.
  path: Assets/Particle Ingredient Pack/Particle-Texture/Texture-BattleGearBundle/Texture-ArrowBundle/Texture-Arrow2.png
  artifactKey: Guid(9c47c7a9c14f840df92c98bd57ae1bf6) Importer(815301076,1909f56bfc062723c751e8b465ee728b)
Start importing Assets/Particle Ingredient Pack/Particle-Texture/Texture-BattleGearBundle/Texture-ArrowBundle/Texture-Arrow2.png using Guid(9c47c7a9c14f840df92c98bd57ae1bf6) Importer(815301076,1909f56bfc062723c751e8b465ee728b) (PreviewImporter) -> (artifact id: '1d8dc84123eaaae603e7531cad7b12b3') in 0.0143226 seconds
Number of updated asset objects reloaded before import = 0Number of asset objects unloaded after import = 2

========================================================================
Received Import Request.
  Time since last request: 0.000031 seconds.
  path: Assets/Particle Ingredient Pack/Particle-Texture/Texture-BattleGearBundle/Texture-KunaiBundle/Texture-Kunai4.png
  artifactKey: Guid(dd36e77e4d0c91449bb258e820b8c1d2) Importer(815301076,1909f56bfc062723c751e8b465ee728b)
Start importing Assets/Particle Ingredient Pack/Particle-Texture/Texture-BattleGearBundle/Texture-KunaiBundle/Texture-Kunai4.png using Guid(dd36e77e4d0c91449bb258e820b8c1d2) Importer(815301076,1909f56bfc062723c751e8b465ee728b) (PreviewImporter) -> (artifact id: 'c92b0b7bebaeb3d686b4340645115b8b') in 0.0141575 seconds
Number of updated asset objects reloaded before import = 0Number of asset objects unloaded after import = 2

========================================================================
Received Import Request.
  Time since last request: 0.000018 seconds.
  path: Assets/Particle Ingredient Pack/Particle-Texture/Texture-WeatherBundle/Texture-SnowCrystal3.png
  artifactKey: Guid(c111107ea77c6442f8ccc72f046f3fd1) Importer(815301076,1909f56bfc062723c751e8b465ee728b)
Start importing Assets/Particle Ingredient Pack/Particle-Texture/Texture-WeatherBundle/Texture-SnowCrystal3.png using Guid(c111107ea77c6442f8ccc72f046f3fd1) Importer(815301076,1909f56bfc062723c751e8b465ee728b) (PreviewImporter) -> (artifact id: '5c704ad4bb6bf3771677129dd91b32bd') in 0.0074058 seconds
Number of updated asset objects reloaded before import = 0Number of asset objects unloaded after import = 2

========================================================================
Received Import Request.
  Time since last request: 0.000016 seconds.
  path: Assets/Particle Ingredient Pack/Particle-Texture/Texture-SwordEffectBundle/Texture-SwordEffect.png
  artifactKey: Guid(1d3f5ba67136441cdada9805617a5678) Importer(815301076,1909f56bfc062723c751e8b465ee728b)
Start importing Assets/Particle Ingredient Pack/Particle-Texture/Texture-SwordEffectBundle/Texture-SwordEffect.png using Guid(1d3f5ba67136441cdada9805617a5678) Importer(815301076,1909f56bfc062723c751e8b465ee728b) (PreviewImporter) -> (artifact id: '9d06c4c530b2d9950461a9ac197373d6') in 0.0065794 seconds
Number of updated asset objects reloaded before import = 0Number of asset objects unloaded after import = 2

========================================================================
Received Import Request.
  Time since last request: 0.000046 seconds.
  path: Assets/Particle Ingredient Pack/Particle-Texture/Texture-LightningBundle/Texture-Lightning2.png
  artifactKey: Guid(ac01b65526759dc48bfd65124bdc8ff5) Importer(815301076,1909f56bfc062723c751e8b465ee728b)
Start importing Assets/Particle Ingredient Pack/Particle-Texture/Texture-LightningBundle/Texture-Lightning2.png using Guid(ac01b65526759dc48bfd65124bdc8ff5) Importer(815301076,1909f56bfc062723c751e8b465ee728b) (PreviewImporter) -> (artifact id: '86b6730606077f7a1ee402ba3049ae68') in 0.0077225 seconds
Number of updated asset objects reloaded before import = 0Number of asset objects unloaded after import = 2

========================================================================
Received Import Request.
  Time since last request: 0.000014 seconds.
  path: Assets/Particle Ingredient Pack/Particle-Texture/Texture-SmokeBundle/Texture-Smoke8.png
  artifactKey: Guid(f71761193409647fe873be9891f74aab) Importer(815301076,1909f56bfc062723c751e8b465ee728b)
Start importing Assets/Particle Ingredient Pack/Particle-Texture/Texture-SmokeBundle/Texture-Smoke8.png using Guid(f71761193409647fe873be9891f74aab) Importer(815301076,1909f56bfc062723c751e8b465ee728b) (PreviewImporter) -> (artifact id: '7643def1378646023f30468b8e8e7e60') in 0.0081924 seconds
Number of updated asset objects reloaded before import = 0Number of asset objects unloaded after import = 2

========================================================================
Received Import Request.
  Time since last request: 0.000012 seconds.
  path: Assets/Particle Ingredient Pack/Particle-Texture/Texture-SwordEffectBundle/Texture-SwordEffect5.png
  artifactKey: Guid(e75ce5c73b45b4cc9bba183c8b9a72c5) Importer(815301076,1909f56bfc062723c751e8b465ee728b)
Start importing Assets/Particle Ingredient Pack/Particle-Texture/Texture-SwordEffectBundle/Texture-SwordEffect5.png using Guid(e75ce5c73b45b4cc9bba183c8b9a72c5) Importer(815301076,1909f56bfc062723c751e8b465ee728b) (PreviewImporter) -> (artifact id: 'd2fc728732076b8b9f48ad05b416a4d3') in 0.0169868 seconds
Number of updated asset objects reloaded before import = 0Number of asset objects unloaded after import = 2

========================================================================
Received Import Request.
  Time since last request: 0.000020 seconds.
  path: Assets/Particle Ingredient Pack/Particle-Texture/Texture-MagicCircleBundle/Texture-MagicCircle7.png
  artifactKey: Guid(d44160ab69388824cb86d8591ac77664) Importer(815301076,1909f56bfc062723c751e8b465ee728b)
Start importing Assets/Particle Ingredient Pack/Particle-Texture/Texture-MagicCircleBundle/Texture-MagicCircle7.png using Guid(d44160ab69388824cb86d8591ac77664) Importer(815301076,1909f56bfc062723c751e8b465ee728b) (PreviewImporter) -> (artifact id: '307a899f118e8d6674185b205fed44ca') in 0.0063192 seconds
Number of updated asset objects reloaded before import = 0Number of asset objects unloaded after import = 2

========================================================================
Received Import Request.
  Time since last request: 0.000013 seconds.
  path: Assets/Particle Ingredient Pack/Particle-Texture/Texture-RingBundle/Texture-Ring3.png
  artifactKey: Guid(78ad2cdf900c2b74eab5610e1711b6b5) Importer(815301076,1909f56bfc062723c751e8b465ee728b)
Start importing Assets/Particle Ingredient Pack/Particle-Texture/Texture-RingBundle/Texture-Ring3.png using Guid(78ad2cdf900c2b74eab5610e1711b6b5) Importer(815301076,1909f56bfc062723c751e8b465ee728b) (PreviewImporter) -> (artifact id: 'f8b8065e82d9d3346f1b0a915e9ca03c') in 0.0282585 seconds
Number of updated asset objects reloaded before import = 0Number of asset objects unloaded after import = 2

========================================================================
Received Import Request.
  Time since last request: 0.000096 seconds.
  path: Assets/Particle Ingredient Pack/Particle-Texture/Texture-BattleGearBundle/Texture-ShieldBundle/Texture-Shield3.png
  artifactKey: Guid(3d4e0861ed703354797920ad483db137) Importer(815301076,1909f56bfc062723c751e8b465ee728b)
Start importing Assets/Particle Ingredient Pack/Particle-Texture/Texture-BattleGearBundle/Texture-ShieldBundle/Texture-Shield3.png using Guid(3d4e0861ed703354797920ad483db137) Importer(815301076,1909f56bfc062723c751e8b465ee728b) (PreviewImporter) -> (artifact id: 'a1884cbf27d38c3e18e277a3b8adb585') in 0.0086606 seconds
Number of updated asset objects reloaded before import = 0Number of asset objects unloaded after import = 2

========================================================================
Received Import Request.
  Time since last request: 0.000018 seconds.
  path: Assets/Particle Ingredient Pack/Particle-Texture/Texture-SmokeBundle/Texture-Smoke3.png
  artifactKey: Guid(9ca7977d42196084e91f05081a48f467) Importer(815301076,1909f56bfc062723c751e8b465ee728b)
Start importing Assets/Particle Ingredient Pack/Particle-Texture/Texture-SmokeBundle/Texture-Smoke3.png using Guid(9ca7977d42196084e91f05081a48f467) Importer(815301076,1909f56bfc062723c751e8b465ee728b) (PreviewImporter) -> (artifact id: 'e7c41e8909ec1aeb7785d7d87e7ecbec') in 0.0072027 seconds
Number of updated asset objects reloaded before import = 0Number of asset objects unloaded after import = 2

========================================================================
Received Import Request.
  Time since last request: 0.000015 seconds.
  path: Assets/Particle Ingredient Pack/Particle-Texture/Texture-BattleGearBundle/Texture-ArrowBundle/Texture-Arrow3.png
  artifactKey: Guid(9f2c6ef76e30a45eaaad19b663cf7986) Importer(815301076,1909f56bfc062723c751e8b465ee728b)
Start importing Assets/Particle Ingredient Pack/Particle-Texture/Texture-BattleGearBundle/Texture-ArrowBundle/Texture-Arrow3.png using Guid(9f2c6ef76e30a45eaaad19b663cf7986) Importer(815301076,1909f56bfc062723c751e8b465ee728b) (PreviewImporter) -> (artifact id: '5b6471ab38d18264671c9ecf5d9efa5a') in 0.0175079 seconds
Number of updated asset objects reloaded before import = 0Number of asset objects unloaded after import = 2

========================================================================
Received Import Request.
  Time since last request: 0.000017 seconds.
  path: Assets/Particle Ingredient Pack/Particle-Texture/Texture-CrystalBundle/Texture-Crystal3.png
  artifactKey: Guid(eec263f731c094a0887a64f619438ff0) Importer(815301076,1909f56bfc062723c751e8b465ee728b)
Start importing Assets/Particle Ingredient Pack/Particle-Texture/Texture-CrystalBundle/Texture-Crystal3.png using Guid(eec263f731c094a0887a64f619438ff0) Importer(815301076,1909f56bfc062723c751e8b465ee728b) (PreviewImporter) -> (artifact id: '2b6b465596e22783b6a068b447544292') in 0.0088435 seconds
Number of updated asset objects reloaded before import = 0Number of asset objects unloaded after import = 2

========================================================================
Received Import Request.
  Time since last request: 25.221210 seconds.
  path: Assets/SUIMONO - WATER SYSTEM 2/_DEMO/TERRAIN/textures_terrain/tex_sand_diff.psd
  artifactKey: Guid(0e7ff8b0a22e63b4092893357cb9042d) Importer(815301076,1909f56bfc062723c751e8b465ee728b)
Start importing Assets/SUIMONO - WATER SYSTEM 2/_DEMO/TERRAIN/textures_terrain/tex_sand_diff.psd using Guid(0e7ff8b0a22e63b4092893357cb9042d) Importer(815301076,1909f56bfc062723c751e8b465ee728b) (PreviewImporter) -> (artifact id: 'a2c9052cdc338e468a254e32c86139a4') in 0.0146168 seconds
Number of updated asset objects reloaded before import = 0Number of asset objects unloaded after import = 2

========================================================================
Received Import Request.
  Time since last request: 0.000020 seconds.
  path: Assets/SUIMONO - WATER SYSTEM 2/_DEMO/TERRAIN/Objects/Rocks/Textures/rock03_diff.tga
  artifactKey: Guid(b9a71fcaa5d16bc4cbcc76efd879a3bd) Importer(815301076,1909f56bfc062723c751e8b465ee728b)
Start importing Assets/SUIMONO - WATER SYSTEM 2/_DEMO/TERRAIN/Objects/Rocks/Textures/rock03_diff.tga using Guid(b9a71fcaa5d16bc4cbcc76efd879a3bd) Importer(815301076,1909f56bfc062723c751e8b465ee728b) (PreviewImporter) -> (artifact id: '3ded383eba291d2c662f50b498893c5d') in 0.0132658 seconds
Number of updated asset objects reloaded before import = 0Number of asset objects unloaded after import = 2

========================================================================
Received Prepare
Begin MonoManager ReloadAssembly
- Loaded All Assemblies, in  0.815 seconds
Refreshing native plugins compatible for Editor in 1.46 ms, found 3 plugins.
Native extension for WindowsStandalone target not found
Mono: successfully reloaded assembly
- Finished resetting the current domain, in  0.817 seconds
Domain Reload Profiling: 1634ms
	BeginReloadAssembly (294ms)
		ExecutionOrderSort (0ms)
		DisableScriptedObjects (9ms)
		BackupInstance (0ms)
		ReleaseScriptingObjects (0ms)
		CreateAndSetChildDomain (62ms)
	RebuildCommonClasses (41ms)
	RebuildNativeTypeToScriptingClass (15ms)
	initialDomainReloadingComplete (30ms)
	LoadAllAssembliesAndSetupDomain (437ms)
		LoadAssemblies (429ms)
		RebuildTransferFunctionScriptingTraits (0ms)
		AnalyzeDomain (188ms)
			TypeCache.Refresh (8ms)
				TypeCache.ScanAssembly (0ms)
			BuildScriptInfoCaches (169ms)
			ResolveRequiredComponents (7ms)
	FinalizeReload (818ms)
		ReleaseScriptCaches (0ms)
		RebuildScriptCaches (0ms)
		SetupLoadedEditorAssemblies (670ms)
			LogAssemblyErrors (0ms)
			InitializePlatformSupportModulesInManaged (2ms)
			SetLoadedEditorAssemblies (6ms)
			BeforeProcessingInitializeOnLoad (133ms)
			ProcessInitializeOnLoadAttributes (459ms)
			ProcessInitializeOnLoadMethodAttributes (68ms)
			AfterProcessingInitializeOnLoad (2ms)
			EditorAssembliesLoaded (0ms)
		ExecutionOrderSort2 (0ms)
		AwakeInstancesAfterBackupRestoration (11ms)
Refreshing native plugins compatible for Editor in 2.64 ms, found 3 plugins.
Preloading 0 native plugins for Editor in 0.00 ms.
Unloading 29 Unused Serialized files (Serialized files now loaded: 0)
Unloading 5586 unused Assets / (5.2 MB). Loaded Objects now: 6139.
Memory consumption went from 131.1 MB to 125.9 MB.
Total: 9.473600 ms (FindLiveObjects: 0.643900 ms CreateObjectMapping: 0.801300 ms MarkObjects: 5.418100 ms  DeleteObjects: 2.609100 ms)

Prepare: number of updated asset objects reloaded= 0
========================================================================
Received Import Request.
  Time since last request: 73.942305 seconds.
  path: Assets/NewLayer.terrainlayer
  artifactKey: Guid(60a52c3d48ff00245858e0cfdafbe704) Importer(815301076,1909f56bfc062723c751e8b465ee728b)
Start importing Assets/NewLayer.terrainlayer using Guid(60a52c3d48ff00245858e0cfdafbe704) Importer(815301076,1909f56bfc062723c751e8b465ee728b) (PreviewImporter) -> (artifact id: '7c71f49b19744e9d0a70eb5677d63e03') in 0.0832727 seconds
Number of updated asset objects reloaded before import = 0Number of asset objects unloaded after import = 2

========================================================================
Received Import Request.
  Time since last request: 228.030853 seconds.
  path: Assets/caustic_cookie.png
  artifactKey: Guid(294d797f143137f43bae1494a7ec81a7) Importer(815301076,1909f56bfc062723c751e8b465ee728b)
Start importing Assets/caustic_cookie.png using Guid(294d797f143137f43bae1494a7ec81a7) Importer(815301076,1909f56bfc062723c751e8b465ee728b) (PreviewImporter) -> (artifact id: '9c539393f68853019b2b1b9565f4e835') in 0.0521489 seconds
Number of updated asset objects reloaded before import = 0Number of asset objects unloaded after import = 2

========================================================================
Received Import Request.
  Time since last request: 0.000036 seconds.
  path: Assets/Hand Painted Grass  Texture/Texture/Grass_Ambient_Occlusion.png
  artifactKey: Guid(71468deba7cb7f64082a57412b0cca8f) Importer(815301076,1909f56bfc062723c751e8b465ee728b)
Start importing Assets/Hand Painted Grass  Texture/Texture/Grass_Ambient_Occlusion.png using Guid(71468deba7cb7f64082a57412b0cca8f) Importer(815301076,1909f56bfc062723c751e8b465ee728b) (PreviewImporter) -> (artifact id: 'd38b5a2618fb17bb7528899a3e6e0010') in 0.0193421 seconds
Number of updated asset objects reloaded before import = 0Number of asset objects unloaded after import = 2

========================================================================
Received Import Request.
  Time since last request: 0.000020 seconds.
  path: Assets/SUIMONO - WATER SYSTEM 2/RESOURCES/textures/gui_bgpreset.psd
  artifactKey: Guid(a2d12eca5afaf4b46942d6d6357a2695) Importer(815301076,1909f56bfc062723c751e8b465ee728b)
Start importing Assets/SUIMONO - WATER SYSTEM 2/RESOURCES/textures/gui_bgpreset.psd using Guid(a2d12eca5afaf4b46942d6d6357a2695) Importer(815301076,1909f56bfc062723c751e8b465ee728b) (PreviewImporter) -> (artifact id: '62a3878fc4b7bc6d710c135bb608c656') in 0.0152489 seconds
Number of updated asset objects reloaded before import = 0Number of asset objects unloaded after import = 2

========================================================================
Received Import Request.
  Time since last request: 0.000015 seconds.
  path: Assets/SUIMONO - WATER SYSTEM 2/RESOURCES/textures/gui_bgpreset_i.psd
  artifactKey: Guid(66335b1ce266e4740883911b1dfae59f) Importer(815301076,1909f56bfc062723c751e8b465ee728b)
Start importing Assets/SUIMONO - WATER SYSTEM 2/RESOURCES/textures/gui_bgpreset_i.psd using Guid(66335b1ce266e4740883911b1dfae59f) Importer(815301076,1909f56bfc062723c751e8b465ee728b) (PreviewImporter) -> (artifact id: '31074c666cf9e5acf379bb87fb7e7fcc') in 0.0057148 seconds
Number of updated asset objects reloaded before import = 0Number of asset objects unloaded after import = 2

========================================================================
Received Import Request.
  Time since last request: 0.000039 seconds.
  path: Assets/SeaLife/Emperor Angelfish/Art/Textures/Emperor Angelfish M.png
  artifactKey: Guid(12b3e4df3076d0c4d852f2546e5dcd17) Importer(815301076,1909f56bfc062723c751e8b465ee728b)
Start importing Assets/SeaLife/Emperor Angelfish/Art/Textures/Emperor Angelfish M.png using Guid(12b3e4df3076d0c4d852f2546e5dcd17) Importer(815301076,1909f56bfc062723c751e8b465ee728b) (PreviewImporter) -> (artifact id: '58e2fa12e2dfdcf7683df590e476bd92') in 0.0173951 seconds
Number of updated asset objects reloaded before import = 0Number of asset objects unloaded after import = 2

========================================================================
Received Import Request.
  Time since last request: 0.000019 seconds.
  path: Assets/TextMesh Pro/Sprites/EmojiOne.png
  artifactKey: Guid(dffef66376be4fa480fb02b19edbe903) Importer(815301076,1909f56bfc062723c751e8b465ee728b)
Start importing Assets/TextMesh Pro/Sprites/EmojiOne.png using Guid(dffef66376be4fa480fb02b19edbe903) Importer(815301076,1909f56bfc062723c751e8b465ee728b) (PreviewImporter) -> (artifact id: '54adf6a03ff8c4469eae1ec6737c84c9') in 0.0150754 seconds
Number of updated asset objects reloaded before import = 0Number of asset objects unloaded after import = 2

========================================================================
Received Import Request.
  Time since last request: 0.000016 seconds.
  path: Assets/Hand Painted Grass  Texture/Texture/Grass_Roughness.png
  artifactKey: Guid(5347fc6026112854da8e63940ca13972) Importer(815301076,1909f56bfc062723c751e8b465ee728b)
Start importing Assets/Hand Painted Grass  Texture/Texture/Grass_Roughness.png using Guid(5347fc6026112854da8e63940ca13972) Importer(815301076,1909f56bfc062723c751e8b465ee728b) (PreviewImporter) -> (artifact id: '71e9da73fb6e29406c4103d76a58b17f') in 0.0185303 seconds
Number of updated asset objects reloaded before import = 0Number of asset objects unloaded after import = 2

========================================================================
Received Import Request.
  Time since last request: 0.000015 seconds.
  path: Assets/SUIMONO - WATER SYSTEM 2/RESOURCES/textures/gui_bgpresetNd_i.psd
  artifactKey: Guid(195eef5f42e361e4f86d6e3762044ac3) Importer(815301076,1909f56bfc062723c751e8b465ee728b)
Start importing Assets/SUIMONO - WATER SYSTEM 2/RESOURCES/textures/gui_bgpresetNd_i.psd using Guid(195eef5f42e361e4f86d6e3762044ac3) Importer(815301076,1909f56bfc062723c751e8b465ee728b) (PreviewImporter) -> (artifact id: '2b819a5dcea02053acfa0b8d6408ee1f') in 0.0065676 seconds
Number of updated asset objects reloaded before import = 0Number of asset objects unloaded after import = 2

========================================================================
Received Import Request.
  Time since last request: 0.000018 seconds.
  path: Assets/SUIMONO - WATER SYSTEM 2/TEXTURES/gridtrigger.psd
  artifactKey: Guid(9dc22408100c7e74f97d38cf5ceac96f) Importer(815301076,1909f56bfc062723c751e8b465ee728b)
Start importing Assets/SUIMONO - WATER SYSTEM 2/TEXTURES/gridtrigger.psd using Guid(9dc22408100c7e74f97d38cf5ceac96f) Importer(815301076,1909f56bfc062723c751e8b465ee728b) (PreviewImporter) -> (artifact id: 'a926bbecd9a77e33af51431d5d1a8aad') in 0.0066016 seconds
Number of updated asset objects reloaded before import = 0Number of asset objects unloaded after import = 2

========================================================================
Received Import Request.
  Time since last request: 0.000022 seconds.
  path: Assets/SeaLife/Emperor Angelfish/Art/Textures/Emperor Angelfish A.png
  artifactKey: Guid(434b4a335807cbd4491457cdc7fac208) Importer(815301076,1909f56bfc062723c751e8b465ee728b)
Start importing Assets/SeaLife/Emperor Angelfish/Art/Textures/Emperor Angelfish A.png using Guid(434b4a335807cbd4491457cdc7fac208) Importer(815301076,1909f56bfc062723c751e8b465ee728b) (PreviewImporter) -> (artifact id: '8383ef0bf7f9bbc644d7b4aa625ab833') in 0.0149659 seconds
Number of updated asset objects reloaded before import = 0Number of asset objects unloaded after import = 2

========================================================================
Received Import Request.
  Time since last request: 37.230190 seconds.
  path: Assets/SUIMONO - WATER SYSTEM 2/_DEMO/_TerrainAutoUpgrade/layer_tex_sand_difftex_sand_norm(5.000,5.000)(0.000,0.000)(0.000,0.000,0.000),0.000,0.000.terrainlayer
  artifactKey: Guid(7ba57ba7cbba61641805638cdc432c48) Importer(815301076,1909f56bfc062723c751e8b465ee728b)
Start importing Assets/SUIMONO - WATER SYSTEM 2/_DEMO/_TerrainAutoUpgrade/layer_tex_sand_difftex_sand_norm(5.000,5.000)(0.000,0.000)(0.000,0.000,0.000),0.000,0.000.terrainlayer using Guid(7ba57ba7cbba61641805638cdc432c48) Importer(815301076,1909f56bfc062723c751e8b465ee728b) (PreviewImporter) -> (artifact id: '021e0d8718c0e4f8e7d6f8cd0c5c2db8') in 0.0279859 seconds
Number of updated asset objects reloaded before import = 0Number of asset objects unloaded after import = 4

========================================================================
Received Import Request.
  Time since last request: 0.000020 seconds.
  path: Assets/SUIMONO - WATER SYSTEM 2/_DEMO/TERRAIN/_TerrainAutoUpgrade/layer_tex_sandwet_difftex_sandwet_norm2023054508611406.terrainlayer
  artifactKey: Guid(3c56653b73787ae4a9b8f52e23b2cb7a) Importer(815301076,1909f56bfc062723c751e8b465ee728b)
Start importing Assets/SUIMONO - WATER SYSTEM 2/_DEMO/TERRAIN/_TerrainAutoUpgrade/layer_tex_sandwet_difftex_sandwet_norm2023054508611406.terrainlayer using Guid(3c56653b73787ae4a9b8f52e23b2cb7a) Importer(815301076,1909f56bfc062723c751e8b465ee728b) (PreviewImporter) -> (artifact id: '8f708ffc4b2b135c919b82b522fa20b4') in 0.0170706 seconds
Number of updated asset objects reloaded before import = 0Number of asset objects unloaded after import = 4

========================================================================
Received Import Request.
  Time since last request: 0.000020 seconds.
  path: Assets/SUIMONO - WATER SYSTEM 2/_DEMO/TERRAIN/textures_terrain/tex_sandwet_diff.psd
  artifactKey: Guid(1f44ad99be3ef0d4db3d435eed748e59) Importer(815301076,1909f56bfc062723c751e8b465ee728b)
Start importing Assets/SUIMONO - WATER SYSTEM 2/_DEMO/TERRAIN/textures_terrain/tex_sandwet_diff.psd using Guid(1f44ad99be3ef0d4db3d435eed748e59) Importer(815301076,1909f56bfc062723c751e8b465ee728b) (PreviewImporter) -> (artifact id: '9cf3acca0db9bf9e15873115a682308f') in 0.014278 seconds
Number of updated asset objects reloaded before import = 0Number of asset objects unloaded after import = 2

Editor requested this worker to shutdown with reason: Scaling down because of idle timeout
AssetImportWorker is now disconnected from the server
Process exiting
Exiting without the bug reporter. Application will terminate with return code 0